8 processes for 27 tests, ~ 3 tests per process
Loaded suite -e
Started
Loaded suite -e
Started
Loaded suite -e
Started
Loaded suite -e
Started
Loaded suite -e
Started
Loaded suite -e
Started
Loaded suite -e
Started
Loaded suite -e
Started
............................................#<Thread:0x000000012d8a2838 /Users/ttscoff/.asdf/installs/ruby/3.0.1/lib/ruby/3.0.0/open3.rb:295 run> terminated with exception (report_on_exception is true):
/Users/ttscoff/.asdf/installs/ruby/3.0.1/lib/ruby/3.0.0/open3.rb:295:in `read': stream closed in another thread (IOError)
	from /Users/ttscoff/.asdf/installs/ruby/3.0.1/lib/ruby/3.0.0/open3.rb:295:in `block (2 levels) in capture3'
#<Thread:0x00000001060ae158 /Users/ttscoff/.asdf/installs/ruby/3.0.1/lib/ruby/3.0.0/open3.rb:295 run> terminated with exception (report_on_exception is true):
#<Thread:0x0000000153a997b0 /Users/ttscoff/.asdf/installs/ruby/3.0.1/lib/ruby/3.0.0/open3.rb:295 run> terminated with exception (report_on_exception is true):
#<Thread:0x00000001262fe7a8 /Users/ttscoff/.asdf/installs/ruby/3.0.1/lib/ruby/3.0.0/open3.rb:295 run> terminated with exception (report_on_exception is true):
/Users/ttscoff/.asdf/installs/ruby/3.0.1/lib/ruby/3.0.0/open3.rb:295:in `read': stream closed in another thread (IOError)
	from /Users/ttscoff/.asdf/installs/ruby/3.0.1/lib/ruby/3.0.0/open3.rb:295:in `block (2 levels) in capture3'
/Users/ttscoff/.asdf/installs/ruby/3.0.1/lib/ruby/3.0.0/open3.rb:295:in `read'#<Thread:0x0000000112a62710 /Users/ttscoff/.asdf/installs/ruby/3.0.1/lib/ruby/3.0.0/open3.rb:295 run> terminated with exception (report_on_exception is true):
: /Users/ttscoff/.asdf/installs/ruby/3.0.1/lib/ruby/3.0.0/open3.rb:295:in `read': stream closed in another thread (IOError)
	from /Users/ttscoff/.asdf/installs/ruby/3.0.1/lib/ruby/3.0.0/open3.rb:295:in `block (2 levels) in capture3'
#<Thread:0x000000014f298ad8 /Users/ttscoff/.asdf/installs/ruby/3.0.1/lib/ruby/3.0.0/open3.rb:295 run> terminated with exception (report_on_exception is true):
stream closed in another thread (IOError)
	from /Users/ttscoff/.asdf/installs/ruby/3.0.1/lib/ruby/3.0.0/open3.rb:295:in `block (2 levels) in capture3'
rake aborted!
Interrupt: 

Tasks: TOP => parallel:test
(See full trace by running task with --trace)
#<Thread:0x0000000133833f68 /Users/ttscoff/.asdf/installs/ruby/3.0.1/lib/ruby/3.0.0/open3.rb:295 run> terminated with exception (report_on_exception is true):
/Users/ttscoff/.asdf/installs/ruby/3.0.1/lib/ruby/3.0.0/open3.rb:295:in `read': stream closed in another thread (IOError)
	from /Users/ttscoff/.asdf/installs/ruby/3.0.1/lib/ruby/3.0.0/open3.rb:295:in `block (2 levels) in capture3'
/Users/ttscoff/.asdf/installs/ruby/3.0.1/lib/ruby/3.0.0/open3.rb:229:in `close': Interrupt
	from /Users/ttscoff/.asdf/installs/ruby/3.0.1/lib/ruby/3.0.0/open3.rb:229:in `each'
	from /Users/ttscoff/.asdf/installs/ruby/3.0.1/lib/ruby/3.0.0/open3.rb:229:in `ensure in popen_run'
	from /Users/ttscoff/.asdf/installs/ruby/3.0.1/lib/ruby/3.0.0/open3.rb:230:in `popen_run'
	from /Users/ttscoff/.asdf/installs/ruby/3.0.1/lib/ruby/3.0.0/open3.rb:102:in `popen3'
	from /Users/ttscoff/.asdf/installs/ruby/3.0.1/lib/ruby/3.0.0/open3.rb:289:in `capture3'
	from /Users/ttscoff/Desktop/Code/doing/test/helpers/doing-helpers.rb:21:in `pread'
	from /Users/ttscoff/Desktop/Code/doing/test/helpers/doing-helpers.rb:17:in `doing_with_env'
	from /Users/ttscoff/Desktop/Code/doing/test/doing_resume_test.rb:67:in `doing'
	from /Users/ttscoff/Desktop/Code/doing/test/doing_resume_test.rb:50:in `test_finish_and_resume'
	from /Users/ttscoff/.asdf/installs/ruby/3.0.1/lib/ruby/gems/3.0.0/gems/test-unit-3.4.9/lib/test/unit/testcase.rb:866:in `run_test'
	from /Users/ttscoff/.asdf/installs/ruby/3.0.1/lib/ruby/gems/3.0.0/gems/test-unit-3.4.9/lib/test/unit/testcase.rb:561:in `block (2 levels) in run'
	from /Users/ttscoff/.asdf/installs/ruby/3.0.1/lib/ruby/gems/3.0.0/gems/test-unit-3.4.9/lib/test/unit/fixture.rb:276:in `block in create_fixtures_runner'
	from /Users/ttscoff/.asdf/installs/ruby/3.0.1/lib/ruby/gems/3.0.0/gems/test-unit-3.4.9/lib/test/unit/fixture.rb:276:in `block in create_fixtures_runner'
	from /Users/ttscoff/.asdf/installs/ruby/3.0.1/lib/ruby/gems/3.0.0/gems/test-unit-3.4.9/lib/test/unit/fixture.rb:257:in `run_fixture'
	from /Users/ttscoff/.asdf/installs/ruby/3.0.1/lib/ruby/gems/3.0.0/gems/test-unit-3.4.9/lib/test/unit/fixture.rb:292:in `run_setup'
	from /Users/ttscoff/.asdf/installs/ruby/3.0.1/lib/ruby/gems/3.0.0/gems/test-unit-3.4.9/lib/test/unit/testcase.rb:559:in `block in run'
	from /Users/ttscoff/.asdf/installs/ruby/3.0.1/lib/ruby/gems/3.0.0/gems/test-unit-3.4.9/lib/test/unit/testcase.rb:558:in `catch'
	from /Users/ttscoff/.asdf/installs/ruby/3.0.1/lib/ruby/gems/3.0.0/gems/test-unit-3.4.9/lib/test/unit/testcase.rb:558:in `run'
	from /Users/ttscoff/.asdf/installs/ruby/3.0.1/lib/ruby/gems/3.0.0/gems/test-unit-3.4.9/lib/test/unit/testsuite.rb:124:in `run_test'
	from /Users/ttscoff/.asdf/installs/ruby/3.0.1/lib/ruby/gems/3.0.0/gems/test-unit-3.4.9/lib/test/unit/testsuite.rb:53:in `run'
	from /Users/ttscoff/.asdf/installs/ruby/3.0.1/lib/ruby/gems/3.0.0/gems/test-unit-3.4.9/lib/test/unit/testsuite.rb:124:in `run_test'
	from /Users/ttscoff/.asdf/installs/ruby/3.0.1/lib/ruby/gems/3.0.0/gems/test-unit-3.4.9/lib/test/unit/testsuite.rb:53:in `run'
	from /Users/ttscoff/.asdf/installs/ruby/3.0.1/lib/ruby/gems/3.0.0/gems/test-unit-3.4.9/lib/test/unit/ui/testrunnermediator.rb:67:in `run_suite'
	from /Users/ttscoff/.asdf/installs/ruby/3.0.1/lib/ruby/gems/3.0.0/gems/test-unit-3.4.9/lib/test/unit/ui/testrunnermediator.rb:45:in `block (2 levels) in run'
	from /Users/ttscoff/.asdf/installs/ruby/3.0.1/lib/ruby/gems/3.0.0/gems/test-unit-3.4.9/lib/test/unit/ui/testrunnermediator.rb:102:in `with_listener'
	from /Users/ttscoff/.asdf/installs/ruby/3.0.1/lib/ruby/gems/3.0.0/gems/test-unit-3.4.9/lib/test/unit/ui/testrunnermediator.rb:41:in `block in run'
	from /Users/ttscoff/.asdf/installs/ruby/3.0.1/lib/ruby/gems/3.0.0/gems/test-unit-3.4.9/lib/test/unit/ui/testrunnermediator.rb:39:in `catch'
	from /Users/ttscoff/.asdf/installs/ruby/3.0.1/lib/ruby/gems/3.0.0/gems/test-unit-3.4.9/lib/test/unit/ui/testrunnermediator.rb:39:in `run'
	from /Users/ttscoff/.asdf/installs/ruby/3.0.1/lib/ruby/gems/3.0.0/gems/test-unit-3.4.9/lib/test/unit/ui/testrunner.rb:40:in `start_mediator'
	from /Users/ttscoff/.asdf/installs/ruby/3.0.1/lib/ruby/gems/3.0.0/gems/test-unit-3.4.9/lib/test/unit/ui/testrunner.rb:25:in `start'
	from /Users/ttscoff/.asdf/installs/ruby/3.0.1/lib/ruby/gems/3.0.0/gems/test-unit-3.4.9/lib/test/unit/ui/testrunnerutilities.rb:24:in `run'
	from /Users/ttscoff/.asdf/installs/ruby/3.0.1/lib/ruby/gems/3.0.0/gems/test-unit-3.4.9/lib/test/unit/autorunner.rb:458:in `block in run'
	from /Users/ttscoff/.asdf/installs/ruby/3.0.1/lib/ruby/gems/3.0.0/gems/test-unit-3.4.9/lib/test/unit/autorunner.rb:514:in `change_work_directory'
	from /Users/ttscoff/.asdf/installs/ruby/3.0.1/lib/ruby/gems/3.0.0/gems/test-unit-3.4.9/lib/test/unit/autorunner.rb:457:in `run'
	from /Users/ttscoff/.asdf/installs/ruby/3.0.1/lib/ruby/gems/3.0.0/gems/test-unit-3.4.9/lib/test/unit/autorunner.rb:66:in `run'
	from /Users/ttscoff/.asdf/installs/ruby/3.0.1/lib/ruby/gems/3.0.0/gems/test-unit-3.4.9/lib/test/unit.rb:518:in `block (2 levels) in <top (required)>'
/Users/ttscoff/.asdf/installs/ruby/3.0.1/lib/ruby/3.0.0/open3.rb:306:in `value': Interrupt
	from /Users/ttscoff/.asdf/installs/ruby/3.0.1/lib/ruby/3.0.0/open3.rb:306:in `block in capture3'
	from /Users/ttscoff/.asdf/installs/ruby/3.0.1/lib/ruby/3.0.0/open3.rb:227:in `popen_run'
	from /Users/ttscoff/.asdf/installs/ruby/3.0.1/lib/ruby/3.0.0/open3.rb:102:in `popen3'
	from /Users/ttscoff/.asdf/installs/ruby/3.0.1/lib/ruby/3.0.0/open3.rb:289:in `capture3'
	from /Users/ttscoff/Desktop/Code/doing/test/helpers/doing-helpers.rb:21:in `pread'
	from /Users/ttscoff/Desktop/Code/doing/test/helpers/doing-helpers.rb:17:in `doing_with_env'
	from /Users/ttscoff/Desktop/Code/doing/test/doing_resume_test.rb:67:in `doing'
	from /Users/ttscoff/Desktop/Code/doing/test/doing_resume_test.rb:50:in `test_finish_and_resume'
	from /Users/ttscoff/.asdf/installs/ruby/3.0.1/lib/ruby/gems/3.0.0/gems/test-unit-3.4.9/lib/test/unit/testcase.rb:866:in `run_test'
	from /Users/ttscoff/.asdf/installs/ruby/3.0.1/lib/ruby/gems/3.0.0/gems/test-unit-3.4.9/lib/test/unit/testcase.rb:561:in `block (2 levels) in run'
	from /Users/ttscoff/.asdf/installs/ruby/3.0.1/lib/ruby/gems/3.0.0/gems/test-unit-3.4.9/lib/test/unit/fixture.rb:276:in `block in create_fixtures_runner'
	from /Users/ttscoff/.asdf/installs/ruby/3.0.1/lib/ruby/gems/3.0.0/gems/test-unit-3.4.9/lib/test/unit/fixture.rb:276:in `block in create_fixtures_runner'
	from /Users/ttscoff/.asdf/installs/ruby/3.0.1/lib/ruby/gems/3.0.0/gems/test-unit-3.4.9/lib/test/unit/fixture.rb:257:in `run_fixture'
	from /Users/ttscoff/.asdf/installs/ruby/3.0.1/lib/ruby/gems/3.0.0/gems/test-unit-3.4.9/lib/test/unit/fixture.rb:292:in `run_setup'
	from /Users/ttscoff/.asdf/installs/ruby/3.0.1/lib/ruby/gems/3.0.0/gems/test-unit-3.4.9/lib/test/unit/testcase.rb:559:in `block in run'
	from /Users/ttscoff/.asdf/installs/ruby/3.0.1/lib/ruby/gems/3.0.0/gems/test-unit-3.4.9/lib/test/unit/testcase.rb:558:in `catch'
	from /Users/ttscoff/.asdf/installs/ruby/3.0.1/lib/ruby/gems/3.0.0/gems/test-unit-3.4.9/lib/test/unit/testcase.rb:558:in `run'
	from /Users/ttscoff/.asdf/installs/ruby/3.0.1/lib/ruby/gems/3.0.0/gems/test-unit-3.4.9/lib/test/unit/testsuite.rb:124:in `run_test'
	from /Users/ttscoff/.asdf/installs/ruby/3.0.1/lib/ruby/gems/3.0.0/gems/test-unit-3.4.9/lib/test/unit/testsuite.rb:53:in `run'
	from /Users/ttscoff/.asdf/installs/ruby/3.0.1/lib/ruby/gems/3.0.0/gems/test-unit-3.4.9/lib/test/unit/testsuite.rb:124:in `run_test'
	from /Users/ttscoff/.asdf/installs/ruby/3.0.1/lib/ruby/gems/3.0.0/gems/test-unit-3.4.9/lib/test/unit/testsuite.rb:53:in `run'
	from /Users/ttscoff/.asdf/installs/ruby/3.0.1/lib/ruby/gems/3.0.0/gems/test-unit-3.4.9/lib/test/unit/ui/testrunnermediator.rb:67:in `run_suite'
	from /Users/ttscoff/.asdf/installs/ruby/3.0.1/lib/ruby/gems/3.0.0/gems/test-unit-3.4.9/lib/test/unit/ui/testrunnermediator.rb:45:in `block (2 levels) in run'
	from /Users/ttscoff/.asdf/installs/ruby/3.0.1/lib/ruby/gems/3.0.0/gems/test-unit-3.4.9/lib/test/unit/ui/testrunnermediator.rb:102:in `with_listener'
	from /Users/ttscoff/.asdf/installs/ruby/3.0.1/lib/ruby/gems/3.0.0/gems/test-unit-3.4.9/lib/test/unit/ui/testrunnermediator.rb:41:in `block in run'
	from /Users/ttscoff/.asdf/installs/ruby/3.0.1/lib/ruby/gems/3.0.0/gems/test-unit-3.4.9/lib/test/unit/ui/testrunnermediator.rb:39:in `catch'
	from /Users/ttscoff/.asdf/installs/ruby/3.0.1/lib/ruby/gems/3.0.0/gems/test-unit-3.4.9/lib/test/unit/ui/testrunnermediator.rb:39:in `run'
	from /Users/ttscoff/.asdf/installs/ruby/3.0.1/lib/ruby/gems/3.0.0/gems/test-unit-3.4.9/lib/test/unit/ui/testrunner.rb:40:in `start_mediator'
	from /Users/ttscoff/.asdf/installs/ruby/3.0.1/lib/ruby/gems/3.0.0/gems/test-unit-3.4.9/lib/test/unit/ui/testrunner.rb:25:in `start'
	from /Users/ttscoff/.asdf/installs/ruby/3.0.1/lib/ruby/gems/3.0.0/gems/test-unit-3.4.9/lib/test/unit/ui/testrunnerutilities.rb:24:in `run'
	from /Users/ttscoff/.asdf/installs/ruby/3.0.1/lib/ruby/gems/3.0.0/gems/test-unit-3.4.9/lib/test/unit/autorunner.rb:458:in `block in run'
	from /Users/ttscoff/.asdf/installs/ruby/3.0.1/lib/ruby/gems/3.0.0/gems/test-unit-3.4.9/lib/test/unit/autorunner.rb:514:in `change_work_directory'
	from /Users/ttscoff/.asdf/installs/ruby/3.0.1/lib/ruby/gems/3.0.0/gems/test-unit-3.4.9/lib/test/unit/autorunner.rb:457:in `run'
	from /Users/ttscoff/.asdf/installs/ruby/3.0.1/lib/ruby/gems/3.0.0/gems/test-unit-3.4.9/lib/test/unit/autorunner.rb:66:in `run'
	from /Users/ttscoff/.asdf/installs/ruby/3.0.1/lib/ruby/gems/3.0.0/gems/test-unit-3.4.9/lib/test/unit.rb:518:in `block (2 levels) in <top (required)>'
/Users/ttscoff/.asdf/installs/ruby/3.0.1/lib/ruby/3.0.0/open3.rb:229:in `close': Interrupt
	from /Users/ttscoff/.asdf/installs/ruby/3.0.1/lib/ruby/3.0.0/open3.rb:229:in `each'
	from /Users/ttscoff/.asdf/installs/ruby/3.0.1/lib/ruby/3.0.0/open3.rb:229:in `ensure in popen_run'
	from /Users/ttscoff/.asdf/installs/ruby/3.0.1/lib/ruby/3.0.0/open3.rb:230:in `popen_run'
	from /Users/ttscoff/.asdf/installs/ruby/3.0.1/lib/ruby/3.0.0/open3.rb:102:in `popen3'
	from /Users/ttscoff/.asdf/installs/ruby/3.0.1/lib/ruby/3.0.0/open3.rb:289:in `capture3'
	from /Users/ttscoff/Desktop/Code/doing/test/helpers/doing-helpers.rb:21:in `pread'
	from /Users/ttscoff/Desktop/Code/doing/test/helpers/doing-helpers.rb:17:in `doing_with_env'
	from /Users/ttscoff/Desktop/Code/doing/test/doing_day_test.rb:100:in `doing'
	from /Users/ttscoff/Desktop/Code/doing/test/doing_day_test.rb:46:in `test_yesterday_command'
	from /Users/ttscoff/.asdf/installs/ruby/3.0.1/lib/ruby/gems/3.0.0/gems/test-unit-3.4.9/lib/test/unit/testcase.rb:866:in `run_test'
	from /Users/ttscoff/.asdf/installs/ruby/3.0.1/lib/ruby/gems/3.0.0/gems/test-unit-3.4.9/lib/test/unit/testcase.rb:561:in `block (2 levels) in run'
	from /Users/ttscoff/.asdf/installs/ruby/3.0.1/lib/ruby/gems/3.0.0/gems/test-unit-3.4.9/lib/test/unit/fixture.rb:276:in `block in create_fixtures_runner'
	from /Users/ttscoff/.asdf/installs/ruby/3.0.1/lib/ruby/gems/3.0.0/gems/test-unit-3.4.9/lib/test/unit/fixture.rb:276:in `block in create_fixtures_runner'
	from /Users/ttscoff/.asdf/installs/ruby/3.0.1/lib/ruby/gems/3.0.0/gems/test-unit-3.4.9/lib/test/unit/fixture.rb:257:in `run_fixture'
	from /Users/ttscoff/.asdf/installs/ruby/3.0.1/lib/ruby/gems/3.0.0/gems/test-unit-3.4.9/lib/test/unit/fixture.rb:292:in `run_setup'
	from /Users/ttscoff/.asdf/installs/ruby/3.0.1/lib/ruby/gems/3.0.0/gems/test-unit-3.4.9/lib/test/unit/testcase.rb:559:in `block in run'
	from /Users/ttscoff/.asdf/installs/ruby/3.0.1/lib/ruby/gems/3.0.0/gems/test-unit-3.4.9/lib/test/unit/testcase.rb:558:in `catch'
	from /Users/ttscoff/.asdf/installs/ruby/3.0.1/lib/ruby/gems/3.0.0/gems/test-unit-3.4.9/lib/test/unit/testcase.rb:558:in `run'
	from /Users/ttscoff/.asdf/installs/ruby/3.0.1/lib/ruby/gems/3.0.0/gems/test-unit-3.4.9/lib/test/unit/testsuite.rb:124:in `run_test'
	from /Users/ttscoff/.asdf/installs/ruby/3.0.1/lib/ruby/gems/3.0.0/gems/test-unit-3.4.9/lib/test/unit/testsuite.rb:53:in `run'
	from /Users/ttscoff/.asdf/installs/ruby/3.0.1/lib/ruby/gems/3.0.0/gems/test-unit-3.4.9/lib/test/unit/testsuite.rb:124:in `run_test'
	from /Users/ttscoff/.asdf/installs/ruby/3.0.1/lib/ruby/gems/3.0.0/gems/test-unit-3.4.9/lib/test/unit/testsuite.rb:53:in `run'
	from /Users/ttscoff/.asdf/installs/ruby/3.0.1/lib/ruby/gems/3.0.0/gems/test-unit-3.4.9/lib/test/unit/ui/testrunnermediator.rb:67:in `run_suite'
	from /Users/ttscoff/.asdf/installs/ruby/3.0.1/lib/ruby/gems/3.0.0/gems/test-unit-3.4.9/lib/test/unit/ui/testrunnermediator.rb:45:in `block (2 levels) in run'
	from /Users/ttscoff/.asdf/installs/ruby/3.0.1/lib/ruby/gems/3.0.0/gems/test-unit-3.4.9/lib/test/unit/ui/testrunnermediator.rb:102:in `with_listener'
	from /Users/ttscoff/.asdf/installs/ruby/3.0.1/lib/ruby/gems/3.0.0/gems/test-unit-3.4.9/lib/test/unit/ui/testrunnermediator.rb:41:in `block in run'
	from /Users/ttscoff/.asdf/installs/ruby/3.0.1/lib/ruby/gems/3.0.0/gems/test-unit-3.4.9/lib/test/unit/ui/testrunnermediator.rb:39:in `catch'
	from /Users/ttscoff/.asdf/installs/ruby/3.0.1/lib/ruby/gems/3.0.0/gems/test-unit-3.4.9/lib/test/unit/ui/testrunnermediator.rb:39:in `run'
	from /Users/ttscoff/.asdf/installs/ruby/3.0.1/lib/ruby/gems/3.0.0/gems/test-unit-3.4.9/lib/test/unit/ui/testrunner.rb:40:in `start_mediator'
	from /Users/ttscoff/.asdf/installs/ruby/3.0.1/lib/ruby/gems/3.0.0/gems/test-unit-3.4.9/lib/test/unit/ui/testrunner.rb:25:in `start'
	from /Users/ttscoff/.asdf/installs/ruby/3.0.1/lib/ruby/gems/3.0.0/gems/test-unit-3.4.9/lib/test/unit/ui/testrunnerutilities.rb:24:in `run'
	from /Users/ttscoff/.asdf/installs/ruby/3.0.1/lib/ruby/gems/3.0.0/gems/test-unit-3.4.9/lib/test/unit/autorunner.rb:458:in `block in run'
	from /Users/ttscoff/.asdf/installs/ruby/3.0.1/lib/ruby/gems/3.0.0/gems/test-unit-3.4.9/lib/test/unit/autorunner.rb:514:in `change_work_directory'
	from /Users/ttscoff/.asdf/installs/ruby/3.0.1/lib/ruby/gems/3.0.0/gems/test-unit-3.4.9/lib/test/unit/autorunner.rb:457:in `run'
	from /Users/ttscoff/.asdf/installs/ruby/3.0.1/lib/ruby/gems/3.0.0/gems/test-unit-3.4.9/lib/test/unit/autorunner.rb:66:in `run'
	from /Users/ttscoff/.asdf/installs/ruby/3.0.1/lib/ruby/gems/3.0.0/gems/test-unit-3.4.9/lib/test/unit.rb:518:in `block (2 levels) in <top (required)>'
/Users/ttscoff/.asdf/installs/ruby/3.0.1/lib/ruby/3.0.0/open3.rb:306:in `value': Interrupt
	from /Users/ttscoff/.asdf/installs/ruby/3.0.1/lib/ruby/3.0.0/open3.rb:306:in `block in capture3'
	from /Users/ttscoff/.asdf/installs/ruby/3.0.1/lib/ruby/3.0.0/open3.rb:227:in `popen_run'
	from /Users/ttscoff/.asdf/installs/ruby/3.0.1/lib/ruby/3.0.0/open3.rb:102:in `popen3'
	from /Users/ttscoff/.asdf/installs/ruby/3.0.1/lib/ruby/3.0.0/open3.rb:289:in `capture3'
	from /Users/ttscoff/Desktop/Code/doing/test/helpers/doing-helpers.rb:21:in `pread'
	from /Users/ttscoff/Desktop/Code/doing/test/helpers/doing-helpers.rb:17:in `doing_with_env'
	from /Users/ttscoff/Desktop/Code/doing/test/doing_day_test.rb:100:in `doing'
	from /Users/ttscoff/Desktop/Code/doing/test/doing_day_test.rb:46:in `test_yesterday_command'
	from /Users/ttscoff/.asdf/installs/ruby/3.0.1/lib/ruby/gems/3.0.0/gems/test-unit-3.4.9/lib/test/unit/testcase.rb:866:in `run_test'
	from /Users/ttscoff/.asdf/installs/ruby/3.0.1/lib/ruby/gems/3.0.0/gems/test-unit-3.4.9/lib/test/unit/testcase.rb:561:in `block (2 levels) in run'
	from /Users/ttscoff/.asdf/installs/ruby/3.0.1/lib/ruby/gems/3.0.0/gems/test-unit-3.4.9/lib/test/unit/fixture.rb:276:in `block in create_fixtures_runner'
	from /Users/ttscoff/.asdf/installs/ruby/3.0.1/lib/ruby/gems/3.0.0/gems/test-unit-3.4.9/lib/test/unit/fixture.rb:276:in `block in create_fixtures_runner'
	from /Users/ttscoff/.asdf/installs/ruby/3.0.1/lib/ruby/gems/3.0.0/gems/test-unit-3.4.9/lib/test/unit/fixture.rb:257:in `run_fixture'
	from /Users/ttscoff/.asdf/installs/ruby/3.0.1/lib/ruby/gems/3.0.0/gems/test-unit-3.4.9/lib/test/unit/fixture.rb:292:in `run_setup'
	from /Users/ttscoff/.asdf/installs/ruby/3.0.1/lib/ruby/gems/3.0.0/gems/test-unit-3.4.9/lib/test/unit/testcase.rb:559:in `block in run'
	from /Users/ttscoff/.asdf/installs/ruby/3.0.1/lib/ruby/gems/3.0.0/gems/test-unit-3.4.9/lib/test/unit/testcase.rb:558:in `catch'
	from /Users/ttscoff/.asdf/installs/ruby/3.0.1/lib/ruby/gems/3.0.0/gems/test-unit-3.4.9/lib/test/unit/testcase.rb:558:in `run'
	from /Users/ttscoff/.asdf/installs/ruby/3.0.1/lib/ruby/gems/3.0.0/gems/test-unit-3.4.9/lib/test/unit/testsuite.rb:124:in `run_test'
	from /Users/ttscoff/.asdf/installs/ruby/3.0.1/lib/ruby/gems/3.0.0/gems/test-unit-3.4.9/lib/test/unit/testsuite.rb:53:in `run'
	from /Users/ttscoff/.asdf/installs/ruby/3.0.1/lib/ruby/gems/3.0.0/gems/test-unit-3.4.9/lib/test/unit/testsuite.rb:124:in `run_test'
	from /Users/ttscoff/.asdf/installs/ruby/3.0.1/lib/ruby/gems/3.0.0/gems/test-unit-3.4.9/lib/test/unit/testsuite.rb:53:in `run'
	from /Users/ttscoff/.asdf/installs/ruby/3.0.1/lib/ruby/gems/3.0.0/gems/test-unit-3.4.9/lib/test/unit/ui/testrunnermediator.rb:67:in `run_suite'
	from /Users/ttscoff/.asdf/installs/ruby/3.0.1/lib/ruby/gems/3.0.0/gems/test-unit-3.4.9/lib/test/unit/ui/testrunnermediator.rb:45:in `block (2 levels) in run'
	from /Users/ttscoff/.asdf/installs/ruby/3.0.1/lib/ruby/gems/3.0.0/gems/test-unit-3.4.9/lib/test/unit/ui/testrunnermediator.rb:102:in `with_listener'
	from /Users/ttscoff/.asdf/installs/ruby/3.0.1/lib/ruby/gems/3.0.0/gems/test-unit-3.4.9/lib/test/unit/ui/testrunnermediator.rb:41:in `block in run'
	from /Users/ttscoff/.asdf/installs/ruby/3.0.1/lib/ruby/gems/3.0.0/gems/test-unit-3.4.9/lib/test/unit/ui/testrunnermediator.rb:39:in `catch'
	from /Users/ttscoff/.asdf/installs/ruby/3.0.1/lib/ruby/gems/3.0.0/gems/test-unit-3.4.9/lib/test/unit/ui/testrunnermediator.rb:39:in `run'
	from /Users/ttscoff/.asdf/installs/ruby/3.0.1/lib/ruby/gems/3.0.0/gems/test-unit-3.4.9/lib/test/unit/ui/testrunner.rb:40:in `start_mediator'
	from /Users/ttscoff/.asdf/installs/ruby/3.0.1/lib/ruby/gems/3.0.0/gems/test-unit-3.4.9/lib/test/unit/ui/testrunner.rb:25:in `start'
	from /Users/ttscoff/.asdf/installs/ruby/3.0.1/lib/ruby/gems/3.0.0/gems/test-unit-3.4.9/lib/test/unit/ui/testrunnerutilities.rb:24:in `run'
	from /Users/ttscoff/.asdf/installs/ruby/3.0.1/lib/ruby/gems/3.0.0/gems/test-unit-3.4.9/lib/test/unit/autorunner.rb:458:in `block in run'
	from /Users/ttscoff/.asdf/installs/ruby/3.0.1/lib/ruby/gems/3.0.0/gems/test-unit-3.4.9/lib/test/unit/autorunner.rb:514:in `change_work_directory'
	from /Users/ttscoff/.asdf/installs/ruby/3.0.1/lib/ruby/gems/3.0.0/gems/test-unit-3.4.9/lib/test/unit/autorunner.rb:457:in `run'
	from /Users/ttscoff/.asdf/installs/ruby/3.0.1/lib/ruby/gems/3.0.0/gems/test-unit-3.4.9/lib/test/unit/autorunner.rb:66:in `run'
	from /Users/ttscoff/.asdf/installs/ruby/3.0.1/lib/ruby/gems/3.0.0/gems/test-unit-3.4.9/lib/test/unit.rb:518:in `block (2 levels) in <top (required)>'
/Users/ttscoff/.asdf/installs/ruby/3.0.1/lib/ruby/3.0.0/open3.rb:295:in `read': stream closed in another thread (IOError)
	from /Users/ttscoff/.asdf/installs/ruby/3.0.1/lib/ruby/3.0.0/open3.rb:295:in `block (2 levels) in capture3'

Finished in 28.516245 seconds.
-------------------------------------------------------------------------------
7 tests, 21 assertions, 0 failures, 0 errors, 0 pendings, 0 omissions, 0 notifications
100% passed
-------------------------------------------------------------------------------
0.25 tests/s, 0.74 assertions/s/Users/ttscoff/.asdf/installs/ruby/3.0.1/lib/ruby/3.0.0/open3.rb:229:in `close': Interrupt
	from /Users/ttscoff/.asdf/installs/ruby/3.0.1/lib/ruby/3.0.0/open3.rb:229:in `each'
	from /Users/ttscoff/.asdf/installs/ruby/3.0.1/lib/ruby/3.0.0/open3.rb:229:in `ensure in popen_run'
	from /Users/ttscoff/.asdf/installs/ruby/3.0.1/lib/ruby/3.0.0/open3.rb:230:in `popen_run'
	from /Users/ttscoff/.asdf/installs/ruby/3.0.1/lib/ruby/3.0.0/open3.rb:102:in `popen3'
	from /Users/ttscoff/.asdf/installs/ruby/3.0.1/lib/ruby/3.0.0/open3.rb:289:in `capture3'
	from /Users/ttscoff/Desktop/Code/doing/test/helpers/doing-helpers.rb:21:in `pread'
	from /Users/ttscoff/Desktop/Code/doing/test/helpers/doing-helpers.rb:17:in `doing_with_env'
	from /Users/ttscoff/Desktop/Code/doing/test/doing_showsearch_test.rb:119:in `doing'
	from /Users/ttscoff/Desktop/Code/doing/test/doing_showsearch_test.rb:36:in `test_show_command'
	from /Users/ttscoff/.asdf/installs/ruby/3.0.1/lib/ruby/gems/3.0.0/gems/test-unit-3.4.9/lib/test/unit/testcase.rb:866:in `run_test'
	from /Users/ttscoff/.asdf/installs/ruby/3.0.1/lib/ruby/gems/3.0.0/gems/test-unit-3.4.9/lib/test/unit/testcase.rb:561:in `block (2 levels) in run'
	from /Users/ttscoff/.asdf/installs/ruby/3.0.1/lib/ruby/gems/3.0.0/gems/test-unit-3.4.9/lib/test/unit/fixture.rb:276:in `block in create_fixtures_runner'
	from /Users/ttscoff/.asdf/installs/ruby/3.0.1/lib/ruby/gems/3.0.0/gems/test-unit-3.4.9/lib/test/unit/fixture.rb:276:in `block in create_fixtures_runner'
	from /Users/ttscoff/.asdf/installs/ruby/3.0.1/lib/ruby/gems/3.0.0/gems/test-unit-3.4.9/lib/test/unit/fixture.rb:257:in `run_fixture'
	from /Users/ttscoff/.asdf/installs/ruby/3.0.1/lib/ruby/gems/3.0.0/gems/test-unit-3.4.9/lib/test/unit/fixture.rb:292:in `run_setup'
	from /Users/ttscoff/.asdf/installs/ruby/3.0.1/lib/ruby/gems/3.0.0/gems/test-unit-3.4.9/lib/test/unit/testcase.rb:559:in `block in run'
	from /Users/ttscoff/.asdf/installs/ruby/3.0.1/lib/ruby/gems/3.0.0/gems/test-unit-3.4.9/lib/test/unit/testcase.rb:558:in `catch'
	from /Users/ttscoff/.asdf/installs/ruby/3.0.1/lib/ruby/gems/3.0.0/gems/test-unit-3.4.9/lib/test/unit/testcase.rb:558:in `run'
	from /Users/ttscoff/.asdf/installs/ruby/3.0.1/lib/ruby/gems/3.0.0/gems/test-unit-3.4.9/lib/test/unit/testsuite.rb:124:in `run_test'
	from /Users/ttscoff/.asdf/installs/ruby/3.0.1/lib/ruby/gems/3.0.0/gems/test-unit-3.4.9/lib/test/unit/testsuite.rb:53:in `run'
	from /Users/ttscoff/.asdf/installs/ruby/3.0.1/lib/ruby/gems/3.0.0/gems/test-unit-3.4.9/lib/test/unit/testsuite.rb:124:in `run_test'
	from /Users/ttscoff/.asdf/installs/ruby/3.0.1/lib/ruby/gems/3.0.0/gems/test-unit-3.4.9/lib/test/unit/testsuite.rb:53:in `run'
	from /Users/ttscoff/.asdf/installs/ruby/3.0.1/lib/ruby/gems/3.0.0/gems/test-unit-3.4.9/lib/test/unit/ui/testrunnermediator.rb:67:in `run_suite'
	from /Users/ttscoff/.asdf/installs/ruby/3.0.1/lib/ruby/gems/3.0.0/gems/test-unit-3.4.9/lib/test/unit/ui/testrunnermediator.rb:45:in `block (2 levels) in run'
	from /Users/ttscoff/.asdf/installs/ruby/3.0.1/lib/ruby/gems/3.0.0/gems/test-unit-3.4.9/lib/test/unit/ui/testrunnermediator.rb:102:in `with_listener'
	from /Users/ttscoff/.asdf/installs/ruby/3.0.1/lib/ruby/gems/3.0.0/gems/test-unit-3.4.9/lib/test/unit/ui/testrunnermediator.rb:41:in `block in run'
	from /Users/ttscoff/.asdf/installs/ruby/3.0.1/lib/ruby/gems/3.0.0/gems/test-unit-3.4.9/lib/test/unit/ui/testrunnermediator.rb:39:in `catch'
	from /Users/ttscoff/.asdf/installs/ruby/3.0.1/lib/ruby/gems/3.0.0/gems/test-unit-3.4.9/lib/test/unit/ui/testrunnermediator.rb:39:in `run'
	from /Users/ttscoff/.asdf/installs/ruby/3.0.1/lib/ruby/gems/3.0.0/gems/test-unit-3.4.9/lib/test/unit/ui/testrunner.rb:40:in `start_mediator'
	from /Users/ttscoff/.asdf/installs/ruby/3.0.1/lib/ruby/gems/3.0.0/gems/test-unit-3.4.9/lib/test/unit/ui/testrunner.rb:25:in `start'
	from /Users/ttscoff/.asdf/installs/ruby/3.0.1/lib/ruby/gems/3.0.0/gems/test-unit-3.4.9/lib/test/unit/ui/testrunnerutilities.rb:24:in `run'
	from /Users/ttscoff/.asdf/installs/ruby/3.0.1/lib/ruby/gems/3.0.0/gems/test-unit-3.4.9/lib/test/unit/autorunner.rb:458:in `block in run'
	from /Users/ttscoff/.asdf/installs/ruby/3.0.1/lib/ruby/gems/3.0.0/gems/test-unit-3.4.9/lib/test/unit/autorunner.rb:514:in `change_work_directory'
	from /Users/ttscoff/.asdf/installs/ruby/3.0.1/lib/ruby/gems/3.0.0/gems/test-unit-3.4.9/lib/test/unit/autorunner.rb:457:in `run'
	from /Users/ttscoff/.asdf/installs/ruby/3.0.1/lib/ruby/gems/3.0.0/gems/test-unit-3.4.9/lib/test/unit/autorunner.rb:66:in `run'
	from /Users/ttscoff/.asdf/installs/ruby/3.0.1/lib/ruby/gems/3.0.0/gems/test-unit-3.4.9/lib/test/unit.rb:518:in `block (2 levels) in <top (required)>'
/Users/ttscoff/.asdf/installs/ruby/3.0.1/lib/ruby/3.0.0/open3.rb:306:in `value': Interrupt
	from /Users/ttscoff/.asdf/installs/ruby/3.0.1/lib/ruby/3.0.0/open3.rb:306:in `block in capture3'
	from /Users/ttscoff/.asdf/installs/ruby/3.0.1/lib/ruby/3.0.0/open3.rb:227:in `popen_run'
	from /Users/ttscoff/.asdf/installs/ruby/3.0.1/lib/ruby/3.0.0/open3.rb:102:in `popen3'
	from /Users/ttscoff/.asdf/installs/ruby/3.0.1/lib/ruby/3.0.0/open3.rb:289:in `capture3'
	from /Users/ttscoff/Desktop/Code/doing/test/helpers/doing-helpers.rb:21:in `pread'
	from /Users/ttscoff/Desktop/Code/doing/test/helpers/doing-helpers.rb:17:in `doing_with_env'
	from /Users/ttscoff/Desktop/Code/doing/test/doing_showsearch_test.rb:119:in `doing'
	from /Users/ttscoff/Desktop/Code/doing/test/doing_showsearch_test.rb:36:in `test_show_command'
	from /Users/ttscoff/.asdf/installs/ruby/3.0.1/lib/ruby/gems/3.0.0/gems/test-unit-3.4.9/lib/test/unit/testcase.rb:866:in `run_test'
	from /Users/ttscoff/.asdf/installs/ruby/3.0.1/lib/ruby/gems/3.0.0/gems/test-unit-3.4.9/lib/test/unit/testcase.rb:561:in `block (2 levels) in run'
	from /Users/ttscoff/.asdf/installs/ruby/3.0.1/lib/ruby/gems/3.0.0/gems/test-unit-3.4.9/lib/test/unit/fixture.rb:276:in `block in create_fixtures_runner'
	from /Users/ttscoff/.asdf/installs/ruby/3.0.1/lib/ruby/gems/3.0.0/gems/test-unit-3.4.9/lib/test/unit/fixture.rb:276:in `block in create_fixtures_runner'
	from /Users/ttscoff/.asdf/installs/ruby/3.0.1/lib/ruby/gems/3.0.0/gems/test-unit-3.4.9/lib/test/unit/fixture.rb:257:in `run_fixture'
	from /Users/ttscoff/.asdf/installs/ruby/3.0.1/lib/ruby/gems/3.0.0/gems/test-unit-3.4.9/lib/test/unit/fixture.rb:292:in `run_setup'
	from /Users/ttscoff/.asdf/installs/ruby/3.0.1/lib/ruby/gems/3.0.0/gems/test-unit-3.4.9/lib/test/unit/testcase.rb:559:in `block in run'
	from /Users/ttscoff/.asdf/installs/ruby/3.0.1/lib/ruby/gems/3.0.0/gems/test-unit-3.4.9/lib/test/unit/testcase.rb:558:in `catch'
	from /Users/ttscoff/.asdf/installs/ruby/3.0.1/lib/ruby/gems/3.0.0/gems/test-unit-3.4.9/lib/test/unit/testcase.rb:558:in `run'
	from /Users/ttscoff/.asdf/installs/ruby/3.0.1/lib/ruby/gems/3.0.0/gems/test-unit-3.4.9/lib/test/unit/testsuite.rb:124:in `run_test'
	from /Users/ttscoff/.asdf/installs/ruby/3.0.1/lib/ruby/gems/3.0.0/gems/test-unit-3.4.9/lib/test/unit/testsuite.rb:53:in `run'
	from /Users/ttscoff/.asdf/installs/ruby/3.0.1/lib/ruby/gems/3.0.0/gems/test-unit-3.4.9/lib/test/unit/testsuite.rb:124:in `run_test'
	from /Users/ttscoff/.asdf/installs/ruby/3.0.1/lib/ruby/gems/3.0.0/gems/test-unit-3.4.9/lib/test/unit/testsuite.rb:53:in `run'
	from /Users/ttscoff/.asdf/installs/ruby/3.0.1/lib/ruby/gems/3.0.0/gems/test-unit-3.4.9/lib/test/unit/ui/testrunnermediator.rb:67:in `run_suite'
	from /Users/ttscoff/.asdf/installs/ruby/3.0.1/lib/ruby/gems/3.0.0/gems/test-unit-3.4.9/lib/test/unit/ui/testrunnermediator.rb:45:in `block (2 levels) in run'
	from /Users/ttscoff/.asdf/installs/ruby/3.0.1/lib/ruby/gems/3.0.0/gems/test-unit-3.4.9/lib/test/unit/ui/testrunnermediator.rb:102:in `with_listener'
	from /Users/ttscoff/.asdf/installs/ruby/3.0.1/lib/ruby/gems/3.0.0/gems/test-unit-3.4.9/lib/test/unit/ui/testrunnermediator.rb:41:in `block in run'
	from /Users/ttscoff/.asdf/installs/ruby/3.0.1/lib/ruby/gems/3.0.0/gems/test-unit-3.4.9/lib/test/unit/ui/testrunnermediator.rb:39:in `catch'
	from /Users/ttscoff/.asdf/installs/ruby/3.0.1/lib/ruby/gems/3.0.0/gems/test-unit-3.4.9/lib/test/unit/ui/testrunnermediator.rb:39:in `run'
	from /Users/ttscoff/.asdf/installs/ruby/3.0.1/lib/ruby/gems/3.0.0/gems/test-unit-3.4.9/lib/test/unit/ui/testrunner.rb:40:in `start_mediator'
	from /Users/ttscoff/.asdf/installs/ruby/3.0.1/lib/ruby/gems/3.0.0/gems/test-unit-3.4.9/lib/test/unit/ui/testrunner.rb:25:in `start'
	from /Users/ttscoff/.asdf/installs/ruby/3.0.1/lib/ruby/gems/3.0.0/gems/test-unit-3.4.9/lib/test/unit/ui/testrunnerutilities.rb:24:in `run'
	from /Users/ttscoff/.asdf/installs/ruby/3.0.1/lib/ruby/gems/3.0.0/gems/test-unit-3.4.9/lib/test/unit/autorunner.rb:458:in `block in run'
	from /Users/ttscoff/.asdf/installs/ruby/3.0.1/lib/ruby/gems/3.0.0/gems/test-unit-3.4.9/lib/test/unit/autorunner.rb:514:in `change_work_directory'
	from /Users/ttscoff/.asdf/installs/ruby/3.0.1/lib/ruby/gems/3.0.0/gems/test-unit-3.4.9/lib/test/unit/autorunner.rb:457:in `run'
	from /Users/ttscoff/.asdf/installs/ruby/3.0.1/lib/ruby/gems/3.0.0/gems/test-unit-3.4.9/lib/test/unit/autorunner.rb:66:in `run'
	from /Users/ttscoff/.asdf/installs/ruby/3.0.1/lib/ruby/gems/3.0.0/gems/test-unit-3.4.9/lib/test/unit.rb:518:in `block (2 levels) in <top (required)>'

Finished in 27.13294 seconds.
-------------------------------------------------------------------------------
3 tests, 8 assertions, 0 failures, 0 errors, 0 pendings, 0 omissions, 0 notifications
100% passed
-------------------------------------------------------------------------------
0.11 tests/s, 0.29 assertions/s/Users/ttscoff/.asdf/installs/ruby/3.0.1/lib/ruby/3.0.0/open3.rb:229:in `close': Interrupt
	from /Users/ttscoff/.asdf/installs/ruby/3.0.1/lib/ruby/3.0.0/open3.rb:229:in `each'
	from /Users/ttscoff/.asdf/installs/ruby/3.0.1/lib/ruby/3.0.0/open3.rb:229:in `ensure in popen_run'
	from /Users/ttscoff/.asdf/installs/ruby/3.0.1/lib/ruby/3.0.0/open3.rb:230:in `popen_run'
	from /Users/ttscoff/.asdf/installs/ruby/3.0.1/lib/ruby/3.0.0/open3.rb:102:in `popen3'
	from /Users/ttscoff/.asdf/installs/ruby/3.0.1/lib/ruby/3.0.0/open3.rb:289:in `capture3'
	from /Users/ttscoff/Desktop/Code/doing/test/helpers/doing-helpers.rb:21:in `pread'
	from /Users/ttscoff/Desktop/Code/doing/test/helpers/doing-helpers.rb:17:in `doing_with_env'
	from /Users/ttscoff/Desktop/Code/doing/test/doing_output_test.rb:145:in `doing'
	from /Users/ttscoff/Desktop/Code/doing/test/doing_output_test.rb:74:in `test_json_output'
	from /Users/ttscoff/.asdf/installs/ruby/3.0.1/lib/ruby/gems/3.0.0/gems/test-unit-3.4.9/lib/test/unit/testcase.rb:866:in `run_test'
	from /Users/ttscoff/.asdf/installs/ruby/3.0.1/lib/ruby/gems/3.0.0/gems/test-unit-3.4.9/lib/test/unit/testcase.rb:561:in `block (2 levels) in run'
	from /Users/ttscoff/.asdf/installs/ruby/3.0.1/lib/ruby/gems/3.0.0/gems/test-unit-3.4.9/lib/test/unit/fixture.rb:276:in `block in create_fixtures_runner'
	from /Users/ttscoff/.asdf/installs/ruby/3.0.1/lib/ruby/gems/3.0.0/gems/test-unit-3.4.9/lib/test/unit/fixture.rb:276:in `block in create_fixtures_runner'
	from /Users/ttscoff/.asdf/installs/ruby/3.0.1/lib/ruby/gems/3.0.0/gems/test-unit-3.4.9/lib/test/unit/fixture.rb:257:in `run_fixture'
	from /Users/ttscoff/.asdf/installs/ruby/3.0.1/lib/ruby/gems/3.0.0/gems/test-unit-3.4.9/lib/test/unit/fixture.rb:292:in `run_setup'
	from /Users/ttscoff/.asdf/installs/ruby/3.0.1/lib/ruby/gems/3.0.0/gems/test-unit-3.4.9/lib/test/unit/testcase.rb:559:in `block in run'
	from /Users/ttscoff/.asdf/installs/ruby/3.0.1/lib/ruby/gems/3.0.0/gems/test-unit-3.4.9/lib/test/unit/testcase.rb:558:in `catch'
	from /Users/ttscoff/.asdf/installs/ruby/3.0.1/lib/ruby/gems/3.0.0/gems/test-unit-3.4.9/lib/test/unit/testcase.rb:558:in `run'
	from /Users/ttscoff/.asdf/installs/ruby/3.0.1/lib/ruby/gems/3.0.0/gems/test-unit-3.4.9/lib/test/unit/testsuite.rb:124:in `run_test'
	from /Users/ttscoff/.asdf/installs/ruby/3.0.1/lib/ruby/gems/3.0.0/gems/test-unit-3.4.9/lib/test/unit/testsuite.rb:53:in `run'
	from /Users/ttscoff/.asdf/installs/ruby/3.0.1/lib/ruby/gems/3.0.0/gems/test-unit-3.4.9/lib/test/unit/testsuite.rb:124:in `run_test'
	from /Users/ttscoff/.asdf/installs/ruby/3.0.1/lib/ruby/gems/3.0.0/gems/test-unit-3.4.9/lib/test/unit/testsuite.rb:53:in `run'
	from /Users/ttscoff/.asdf/installs/ruby/3.0.1/lib/ruby/gems/3.0.0/gems/test-unit-3.4.9/lib/test/unit/ui/testrunnermediator.rb:67:in `run_suite'
	from /Users/ttscoff/.asdf/installs/ruby/3.0.1/lib/ruby/gems/3.0.0/gems/test-unit-3.4.9/lib/test/unit/ui/testrunnermediator.rb:45:in `block (2 levels) in run'
	from /Users/ttscoff/.asdf/installs/ruby/3.0.1/lib/ruby/gems/3.0.0/gems/test-unit-3.4.9/lib/test/unit/ui/testrunnermediator.rb:102:in `with_listener'
	from /Users/ttscoff/.asdf/installs/ruby/3.0.1/lib/ruby/gems/3.0.0/gems/test-unit-3.4.9/lib/test/unit/ui/testrunnermediator.rb:41:in `block in run'
	from /Users/ttscoff/.asdf/installs/ruby/3.0.1/lib/ruby/gems/3.0.0/gems/test-unit-3.4.9/lib/test/unit/ui/testrunnermediator.rb:39:in `catch'
	from /Users/ttscoff/.asdf/installs/ruby/3.0.1/lib/ruby/gems/3.0.0/gems/test-unit-3.4.9/lib/test/unit/ui/testrunnermediator.rb:39:in `run'
	from /Users/ttscoff/.asdf/installs/ruby/3.0.1/lib/ruby/gems/3.0.0/gems/test-unit-3.4.9/lib/test/unit/ui/testrunner.rb:40:in `start_mediator'
	from /Users/ttscoff/.asdf/installs/ruby/3.0.1/lib/ruby/gems/3.0.0/gems/test-unit-3.4.9/lib/test/unit/ui/testrunner.rb:25:in `start'
	from /Users/ttscoff/.asdf/installs/ruby/3.0.1/lib/ruby/gems/3.0.0/gems/test-unit-3.4.9/lib/test/unit/ui/testrunnerutilities.rb:24:in `run'
	from /Users/ttscoff/.asdf/installs/ruby/3.0.1/lib/ruby/gems/3.0.0/gems/test-unit-3.4.9/lib/test/unit/autorunner.rb:458:in `block in run'
	from /Users/ttscoff/.asdf/installs/ruby/3.0.1/lib/ruby/gems/3.0.0/gems/test-unit-3.4.9/lib/test/unit/autorunner.rb:514:in `change_work_directory'
	from /Users/ttscoff/.asdf/installs/ruby/3.0.1/lib/ruby/gems/3.0.0/gems/test-unit-3.4.9/lib/test/unit/autorunner.rb:457:in `run'
	from /Users/ttscoff/.asdf/installs/ruby/3.0.1/lib/ruby/gems/3.0.0/gems/test-unit-3.4.9/lib/test/unit/autorunner.rb:66:in `run'
	from /Users/ttscoff/.asdf/installs/ruby/3.0.1/lib/ruby/gems/3.0.0/gems/test-unit-3.4.9/lib/test/unit.rb:518:in `block (2 levels) in <top (required)>'
/Users/ttscoff/.asdf/installs/ruby/3.0.1/lib/ruby/3.0.0/open3.rb:306:in `value': Interrupt
	from /Users/ttscoff/.asdf/installs/ruby/3.0.1/lib/ruby/3.0.0/open3.rb:306:in `block in capture3'
	from /Users/ttscoff/.asdf/installs/ruby/3.0.1/lib/ruby/3.0.0/open3.rb:227:in `popen_run'
	from /Users/ttscoff/.asdf/installs/ruby/3.0.1/lib/ruby/3.0.0/open3.rb:102:in `popen3'
	from /Users/ttscoff/.asdf/installs/ruby/3.0.1/lib/ruby/3.0.0/open3.rb:289:in `capture3'
	from /Users/ttscoff/Desktop/Code/doing/test/helpers/doing-helpers.rb:21:in `pread'
	from /Users/ttscoff/Desktop/Code/doing/test/helpers/doing-helpers.rb:17:in `doing_with_env'
	from /Users/ttscoff/Desktop/Code/doing/test/doing_output_test.rb:145:in `doing'
	from /Users/ttscoff/Desktop/Code/doing/test/doing_output_test.rb:74:in `test_json_output'
	from /Users/ttscoff/.asdf/installs/ruby/3.0.1/lib/ruby/gems/3.0.0/gems/test-unit-3.4.9/lib/test/unit/testcase.rb:866:in `run_test'
	from /Users/ttscoff/.asdf/installs/ruby/3.0.1/lib/ruby/gems/3.0.0/gems/test-unit-3.4.9/lib/test/unit/testcase.rb:561:in `block (2 levels) in run'
	from /Users/ttscoff/.asdf/installs/ruby/3.0.1/lib/ruby/gems/3.0.0/gems/test-unit-3.4.9/lib/test/unit/fixture.rb:276:in `block in create_fixtures_runner'
	from /Users/ttscoff/.asdf/installs/ruby/3.0.1/lib/ruby/gems/3.0.0/gems/test-unit-3.4.9/lib/test/unit/fixture.rb:276:in `block in create_fixtures_runner'
	from /Users/ttscoff/.asdf/installs/ruby/3.0.1/lib/ruby/gems/3.0.0/gems/test-unit-3.4.9/lib/test/unit/fixture.rb:257:in `run_fixture'
	from /Users/ttscoff/.asdf/installs/ruby/3.0.1/lib/ruby/gems/3.0.0/gems/test-unit-3.4.9/lib/test/unit/fixture.rb:292:in `run_setup'
	from /Users/ttscoff/.asdf/installs/ruby/3.0.1/lib/ruby/gems/3.0.0/gems/test-unit-3.4.9/lib/test/unit/testcase.rb:559:in `block in run'
	from /Users/ttscoff/.asdf/installs/ruby/3.0.1/lib/ruby/gems/3.0.0/gems/test-unit-3.4.9/lib/test/unit/testcase.rb:558:in `catch'
	from /Users/ttscoff/.asdf/installs/ruby/3.0.1/lib/ruby/gems/3.0.0/gems/test-unit-3.4.9/lib/test/unit/testcase.rb:558:in `run'
	from /Users/ttscoff/.asdf/installs/ruby/3.0.1/lib/ruby/gems/3.0.0/gems/test-unit-3.4.9/lib/test/unit/testsuite.rb:124:in `run_test'
	from /Users/ttscoff/.asdf/installs/ruby/3.0.1/lib/ruby/gems/3.0.0/gems/test-unit-3.4.9/lib/test/unit/testsuite.rb:53:in `run'
	from /Users/ttscoff/.asdf/installs/ruby/3.0.1/lib/ruby/gems/3.0.0/gems/test-unit-3.4.9/lib/test/unit/testsuite.rb:124:in `run_test'
	from /Users/ttscoff/.asdf/installs/ruby/3.0.1/lib/ruby/gems/3.0.0/gems/test-unit-3.4.9/lib/test/unit/testsuite.rb:53:in `run'
	from /Users/ttscoff/.asdf/installs/ruby/3.0.1/lib/ruby/gems/3.0.0/gems/test-unit-3.4.9/lib/test/unit/ui/testrunnermediator.rb:67:in `run_suite'
	from /Users/ttscoff/.asdf/installs/ruby/3.0.1/lib/ruby/gems/3.0.0/gems/test-unit-3.4.9/lib/test/unit/ui/testrunnermediator.rb:45:in `block (2 levels) in run'
	from /Users/ttscoff/.asdf/installs/ruby/3.0.1/lib/ruby/gems/3.0.0/gems/test-unit-3.4.9/lib/test/unit/ui/testrunnermediator.rb:102:in `with_listener'
	from /Users/ttscoff/.asdf/installs/ruby/3.0.1/lib/ruby/gems/3.0.0/gems/test-unit-3.4.9/lib/test/unit/ui/testrunnermediator.rb:41:in `block in run'
	from /Users/ttscoff/.asdf/installs/ruby/3.0.1/lib/ruby/gems/3.0.0/gems/test-unit-3.4.9/lib/test/unit/ui/testrunnermediator.rb:39:in `catch'
	from /Users/ttscoff/.asdf/installs/ruby/3.0.1/lib/ruby/gems/3.0.0/gems/test-unit-3.4.9/lib/test/unit/ui/testrunnermediator.rb:39:in `run'
	from /Users/ttscoff/.asdf/installs/ruby/3.0.1/lib/ruby/gems/3.0.0/gems/test-unit-3.4.9/lib/test/unit/ui/testrunner.rb:40:in `start_mediator'
	from /Users/ttscoff/.asdf/installs/ruby/3.0.1/lib/ruby/gems/3.0.0/gems/test-unit-3.4.9/lib/test/unit/ui/testrunner.rb:25:in `start'
	from /Users/ttscoff/.asdf/installs/ruby/3.0.1/lib/ruby/gems/3.0.0/gems/test-unit-3.4.9/lib/test/unit/ui/testrunnerutilities.rb:24:in `run'
	from /Users/ttscoff/.asdf/installs/ruby/3.0.1/lib/ruby/gems/3.0.0/gems/test-unit-3.4.9/lib/test/unit/autorunner.rb:458:in `block in run'
	from /Users/ttscoff/.asdf/installs/ruby/3.0.1/lib/ruby/gems/3.0.0/gems/test-unit-3.4.9/lib/test/unit/autorunner.rb:514:in `change_work_directory'
	from /Users/ttscoff/.asdf/installs/ruby/3.0.1/lib/ruby/gems/3.0.0/gems/test-unit-3.4.9/lib/test/unit/autorunner.rb:457:in `run'
	from /Users/ttscoff/.asdf/installs/ruby/3.0.1/lib/ruby/gems/3.0.0/gems/test-unit-3.4.9/lib/test/unit/autorunner.rb:66:in `run'
	from /Users/ttscoff/.asdf/installs/ruby/3.0.1/lib/ruby/gems/3.0.0/gems/test-unit-3.4.9/lib/test/unit.rb:518:in `block (2 levels) in <top (required)>'
/Users/ttscoff/.asdf/installs/ruby/3.0.1/lib/ruby/3.0.0/open3.rb:229:in `close': Interrupt
	from /Users/ttscoff/.asdf/installs/ruby/3.0.1/lib/ruby/3.0.0/open3.rb:229:in `each'
	from /Users/ttscoff/.asdf/installs/ruby/3.0.1/lib/ruby/3.0.0/open3.rb:229:in `ensure in popen_run'
	from /Users/ttscoff/.asdf/installs/ruby/3.0.1/lib/ruby/3.0.0/open3.rb:230:in `popen_run'
	from /Users/ttscoff/.asdf/installs/ruby/3.0.1/lib/ruby/3.0.0/open3.rb:102:in `popen3'
	from /Users/ttscoff/.asdf/installs/ruby/3.0.1/lib/ruby/3.0.0/open3.rb:289:in `capture3'
	from /Users/ttscoff/Desktop/Code/doing/test/helpers/doing-helpers.rb:21:in `pread'
	from /Users/ttscoff/Desktop/Code/doing/test/helpers/doing-helpers.rb:17:in `doing_with_env'
	from /Users/ttscoff/Desktop/Code/doing/test/doing_entry_test.rb:113:in `doing'
	from /Users/ttscoff/Desktop/Code/doing/test/doing_entry_test.rb:82:in `test_later_entry'
	from /Users/ttscoff/.asdf/installs/ruby/3.0.1/lib/ruby/gems/3.0.0/gems/test-unit-3.4.9/lib/test/unit/testcase.rb:866:in `run_test'
	from /Users/ttscoff/.asdf/installs/ruby/3.0.1/lib/ruby/gems/3.0.0/gems/test-unit-3.4.9/lib/test/unit/testcase.rb:561:in `block (2 levels) in run'
	from /Users/ttscoff/.asdf/installs/ruby/3.0.1/lib/ruby/gems/3.0.0/gems/test-unit-3.4.9/lib/test/unit/fixture.rb:276:in `block in create_fixtures_runner'
	from /Users/ttscoff/.asdf/installs/ruby/3.0.1/lib/ruby/gems/3.0.0/gems/test-unit-3.4.9/lib/test/unit/fixture.rb:276:in `block in create_fixtures_runner'
	from /Users/ttscoff/.asdf/installs/ruby/3.0.1/lib/ruby/gems/3.0.0/gems/test-unit-3.4.9/lib/test/unit/fixture.rb:257:in `run_fixture'
	from /Users/ttscoff/.asdf/installs/ruby/3.0.1/lib/ruby/gems/3.0.0/gems/test-unit-3.4.9/lib/test/unit/fixture.rb:292:in `run_setup'
	from /Users/ttscoff/.asdf/installs/ruby/3.0.1/lib/ruby/gems/3.0.0/gems/test-unit-3.4.9/lib/test/unit/testcase.rb:559:in `block in run'
	from /Users/ttscoff/.asdf/installs/ruby/3.0.1/lib/ruby/gems/3.0.0/gems/test-unit-3.4.9/lib/test/unit/testcase.rb:558:in `catch'
	from /Users/ttscoff/.asdf/installs/ruby/3.0.1/lib/ruby/gems/3.0.0/gems/test-unit-3.4.9/lib/test/unit/testcase.rb:558:in `run'
	from /Users/ttscoff/.asdf/installs/ruby/3.0.1/lib/ruby/gems/3.0.0/gems/test-unit-3.4.9/lib/test/unit/testsuite.rb:124:in `run_test'
	from /Users/ttscoff/.asdf/installs/ruby/3.0.1/lib/ruby/gems/3.0.0/gems/test-unit-3.4.9/lib/test/unit/testsuite.rb:53:in `run'
	from /Users/ttscoff/.asdf/installs/ruby/3.0.1/lib/ruby/gems/3.0.0/gems/test-unit-3.4.9/lib/test/unit/testsuite.rb:124:in `run_test'
	from /Users/ttscoff/.asdf/installs/ruby/3.0.1/lib/ruby/gems/3.0.0/gems/test-unit-3.4.9/lib/test/unit/testsuite.rb:53:in `run'
	from /Users/ttscoff/.asdf/installs/ruby/3.0.1/lib/ruby/gems/3.0.0/gems/test-unit-3.4.9/lib/test/unit/ui/testrunnermediator.rb:67:in `run_suite'
	from /Users/ttscoff/.asdf/installs/ruby/3.0.1/lib/ruby/gems/3.0.0/gems/test-unit-3.4.9/lib/test/unit/ui/testrunnermediator.rb:45:in `block (2 levels) in run'
	from /Users/ttscoff/.asdf/installs/ruby/3.0.1/lib/ruby/gems/3.0.0/gems/test-unit-3.4.9/lib/test/unit/ui/testrunnermediator.rb:102:in `with_listener'
	from /Users/ttscoff/.asdf/installs/ruby/3.0.1/lib/ruby/gems/3.0.0/gems/test-unit-3.4.9/lib/test/unit/ui/testrunnermediator.rb:41:in `block in run'
	from /Users/ttscoff/.asdf/installs/ruby/3.0.1/lib/ruby/gems/3.0.0/gems/test-unit-3.4.9/lib/test/unit/ui/testrunnermediator.rb:39:in `catch'
	from /Users/ttscoff/.asdf/installs/ruby/3.0.1/lib/ruby/gems/3.0.0/gems/test-unit-3.4.9/lib/test/unit/ui/testrunnermediator.rb:39:in `run'
	from /Users/ttscoff/.asdf/installs/ruby/3.0.1/lib/ruby/gems/3.0.0/gems/test-unit-3.4.9/lib/test/unit/ui/testrunner.rb:40:in `start_mediator'
	from /Users/ttscoff/.asdf/installs/ruby/3.0.1/lib/ruby/gems/3.0.0/gems/test-unit-3.4.9/lib/test/unit/ui/testrunner.rb:25:in `start'
	from /Users/ttscoff/.asdf/installs/ruby/3.0.1/lib/ruby/gems/3.0.0/gems/test-unit-3.4.9/lib/test/unit/ui/testrunnerutilities.rb:24:in `run'
	from /Users/ttscoff/.asdf/installs/ruby/3.0.1/lib/ruby/gems/3.0.0/gems/test-unit-3.4.9/lib/test/unit/autorunner.rb:458:in `block in run'
	from /Users/ttscoff/.asdf/installs/ruby/3.0.1/lib/ruby/gems/3.0.0/gems/test-unit-3.4.9/lib/test/unit/autorunner.rb:514:in `change_work_directory'
	from /Users/ttscoff/.asdf/installs/ruby/3.0.1/lib/ruby/gems/3.0.0/gems/test-unit-3.4.9/lib/test/unit/autorunner.rb:457:in `run'
	from /Users/ttscoff/.asdf/installs/ruby/3.0.1/lib/ruby/gems/3.0.0/gems/test-unit-3.4.9/lib/test/unit/autorunner.rb:66:in `run'
	from /Users/ttscoff/.asdf/installs/ruby/3.0.1/lib/ruby/gems/3.0.0/gems/test-unit-3.4.9/lib/test/unit.rb:518:in `block (2 levels) in <top (required)>'
/Users/ttscoff/.asdf/installs/ruby/3.0.1/lib/ruby/3.0.0/open3.rb:306:in `value': Interrupt
	from /Users/ttscoff/.asdf/installs/ruby/3.0.1/lib/ruby/3.0.0/open3.rb:306:in `block in capture3'
	from /Users/ttscoff/.asdf/installs/ruby/3.0.1/lib/ruby/3.0.0/open3.rb:227:in `popen_run'
	from /Users/ttscoff/.asdf/installs/ruby/3.0.1/lib/ruby/3.0.0/open3.rb:102:in `popen3'
	from /Users/ttscoff/.asdf/installs/ruby/3.0.1/lib/ruby/3.0.0/open3.rb:289:in `capture3'
	from /Users/ttscoff/Desktop/Code/doing/test/helpers/doing-helpers.rb:21:in `pread'
	from /Users/ttscoff/Desktop/Code/doing/test/helpers/doing-helpers.rb:17:in `doing_with_env'
	from /Users/ttscoff/Desktop/Code/doing/test/doing_entry_test.rb:113:in `doing'
	from /Users/ttscoff/Desktop/Code/doing/test/doing_entry_test.rb:82:in `test_later_entry'
	from /Users/ttscoff/.asdf/installs/ruby/3.0.1/lib/ruby/gems/3.0.0/gems/test-unit-3.4.9/lib/test/unit/testcase.rb:866:in `run_test'
	from /Users/ttscoff/.asdf/installs/ruby/3.0.1/lib/ruby/gems/3.0.0/gems/test-unit-3.4.9/lib/test/unit/testcase.rb:561:in `block (2 levels) in run'
	from /Users/ttscoff/.asdf/installs/ruby/3.0.1/lib/ruby/gems/3.0.0/gems/test-unit-3.4.9/lib/test/unit/fixture.rb:276:in `block in create_fixtures_runner'
	from /Users/ttscoff/.asdf/installs/ruby/3.0.1/lib/ruby/gems/3.0.0/gems/test-unit-3.4.9/lib/test/unit/fixture.rb:276:in `block in create_fixtures_runner'
	from /Users/ttscoff/.asdf/installs/ruby/3.0.1/lib/ruby/gems/3.0.0/gems/test-unit-3.4.9/lib/test/unit/fixture.rb:257:in `run_fixture'
	from /Users/ttscoff/.asdf/installs/ruby/3.0.1/lib/ruby/gems/3.0.0/gems/test-unit-3.4.9/lib/test/unit/fixture.rb:292:in `run_setup'
	from /Users/ttscoff/.asdf/installs/ruby/3.0.1/lib/ruby/gems/3.0.0/gems/test-unit-3.4.9/lib/test/unit/testcase.rb:559:in `block in run'
	from /Users/ttscoff/.asdf/installs/ruby/3.0.1/lib/ruby/gems/3.0.0/gems/test-unit-3.4.9/lib/test/unit/testcase.rb:558:in `catch'
	from /Users/ttscoff/.asdf/installs/ruby/3.0.1/lib/ruby/gems/3.0.0/gems/test-unit-3.4.9/lib/test/unit/testcase.rb:558:in `run'
	from /Users/ttscoff/.asdf/installs/ruby/3.0.1/lib/ruby/gems/3.0.0/gems/test-unit-3.4.9/lib/test/unit/testsuite.rb:124:in `run_test'
	from /Users/ttscoff/.asdf/installs/ruby/3.0.1/lib/ruby/gems/3.0.0/gems/test-unit-3.4.9/lib/test/unit/testsuite.rb:53:in `run'
	from /Users/ttscoff/.asdf/installs/ruby/3.0.1/lib/ruby/gems/3.0.0/gems/test-unit-3.4.9/lib/test/unit/testsuite.rb:124:in `run_test'
	from /Users/ttscoff/.asdf/installs/ruby/3.0.1/lib/ruby/gems/3.0.0/gems/test-unit-3.4.9/lib/test/unit/testsuite.rb:53:in `run'
	from /Users/ttscoff/.asdf/installs/ruby/3.0.1/lib/ruby/gems/3.0.0/gems/test-unit-3.4.9/lib/test/unit/ui/testrunnermediator.rb:67:in `run_suite'
	from /Users/ttscoff/.asdf/installs/ruby/3.0.1/lib/ruby/gems/3.0.0/gems/test-unit-3.4.9/lib/test/unit/ui/testrunnermediator.rb:45:in `block (2 levels) in run'
	from /Users/ttscoff/.asdf/installs/ruby/3.0.1/lib/ruby/gems/3.0.0/gems/test-unit-3.4.9/lib/test/unit/ui/testrunnermediator.rb:102:in `with_listener'
	from /Users/ttscoff/.asdf/installs/ruby/3.0.1/lib/ruby/gems/3.0.0/gems/test-unit-3.4.9/lib/test/unit/ui/testrunnermediator.rb:41:in `block in run'
	from /Users/ttscoff/.asdf/installs/ruby/3.0.1/lib/ruby/gems/3.0.0/gems/test-unit-3.4.9/lib/test/unit/ui/testrunnermediator.rb:39:in `catch'
	from /Users/ttscoff/.asdf/installs/ruby/3.0.1/lib/ruby/gems/3.0.0/gems/test-unit-3.4.9/lib/test/unit/ui/testrunnermediator.rb:39:in `run'
	from /Users/ttscoff/.asdf/installs/ruby/3.0.1/lib/ruby/gems/3.0.0/gems/test-unit-3.4.9/lib/test/unit/ui/testrunner.rb:40:in `start_mediator'
	from /Users/ttscoff/.asdf/installs/ruby/3.0.1/lib/ruby/gems/3.0.0/gems/test-unit-3.4.9/lib/test/unit/ui/testrunner.rb:25:in `start'
	from /Users/ttscoff/.asdf/installs/ruby/3.0.1/lib/ruby/gems/3.0.0/gems/test-unit-3.4.9/lib/test/unit/ui/testrunnerutilities.rb:24:in `run'
	from /Users/ttscoff/.asdf/installs/ruby/3.0.1/lib/ruby/gems/3.0.0/gems/test-unit-3.4.9/lib/test/unit/autorunner.rb:458:in `block in run'
	from /Users/ttscoff/.asdf/installs/ruby/3.0.1/lib/ruby/gems/3.0.0/gems/test-unit-3.4.9/lib/test/unit/autorunner.rb:514:in `change_work_directory'
	from /Users/ttscoff/.asdf/installs/ruby/3.0.1/lib/ruby/gems/3.0.0/gems/test-unit-3.4.9/lib/test/unit/autorunner.rb:457:in `run'
	from /Users/ttscoff/.asdf/installs/ruby/3.0.1/lib/ruby/gems/3.0.0/gems/test-unit-3.4.9/lib/test/unit/autorunner.rb:66:in `run'
	from /Users/ttscoff/.asdf/installs/ruby/3.0.1/lib/ruby/gems/3.0.0/gems/test-unit-3.4.9/lib/test/unit.rb:518:in `block (2 levels) in <top (required)>'

Finished in 28.5598 seconds.
-------------------------------------------------------------------------------
5 tests, 11 assertions, 0 failures, 0 errors, 0 pendings, 0 omissions, 0 notifications
100% passed
-------------------------------------------------------------------------------
0.18 tests/s, 0.39 assertions/s
Finished in 27.085944 seconds.
-------------------------------------------------------------------------------
2 tests, 6 assertions, 0 failures, 0 errors, 0 pendings, 0 omissions, 0 notifications
100% passed
-------------------------------------------------------------------------------
0.07 tests/s, 0.22 assertions/s
Finished in 28.587575 seconds.
-------------------------------------------------------------------------------
7 tests, 11 assertions, 0 failures, 0 errors, 0 pendings, 0 omissions, 0 notifications
100% passed
-------------------------------------------------------------------------------
0.24 tests/s, 0.38 assertions/s
Finished in 27.083948 seconds.
-------------------------------------------------------------------------------
10 tests, 13 assertions, 0 failures, 0 errors, 0 pendings, 0 omissions, 0 notifications
100% passed
-------------------------------------------------------------------------------
0.37 tests/s, 0.48 assertions/s/Users/ttscoff/.asdf/installs/ruby/3.0.1/lib/ruby/3.0.0/open3.rb:229:in `close': Interrupt
	from /Users/ttscoff/.asdf/installs/ruby/3.0.1/lib/ruby/3.0.0/open3.rb:229:in `each'
	from /Users/ttscoff/.asdf/installs/ruby/3.0.1/lib/ruby/3.0.0/open3.rb:229:in `ensure in popen_run'
	from /Users/ttscoff/.asdf/installs/ruby/3.0.1/lib/ruby/3.0.0/open3.rb:230:in `popen_run'
	from /Users/ttscoff/.asdf/installs/ruby/3.0.1/lib/ruby/3.0.0/open3.rb:102:in `popen3'
	from /Users/ttscoff/.asdf/installs/ruby/3.0.1/lib/ruby/3.0.0/open3.rb:289:in `capture3'
	from /Users/ttscoff/Desktop/Code/doing/test/helpers/doing-helpers.rb:21:in `pread'
	from /Users/ttscoff/Desktop/Code/doing/test/helpers/doing-helpers.rb:17:in `doing_with_env'
	from /Users/ttscoff/Desktop/Code/doing/test/doing_archive_test.rb:117:in `doing'
	from /Users/ttscoff/Desktop/Code/doing/test/doing_archive_test.rb:41:in `test_archive_tag'
	from /Users/ttscoff/.asdf/installs/ruby/3.0.1/lib/ruby/gems/3.0.0/gems/test-unit-3.4.9/lib/test/unit/testcase.rb:866:in `run_test'
	from /Users/ttscoff/.asdf/installs/ruby/3.0.1/lib/ruby/gems/3.0.0/gems/test-unit-3.4.9/lib/test/unit/testcase.rb:561:in `block (2 levels) in run'
	from /Users/ttscoff/.asdf/installs/ruby/3.0.1/lib/ruby/gems/3.0.0/gems/test-unit-3.4.9/lib/test/unit/fixture.rb:276:in `block in create_fixtures_runner'
	from /Users/ttscoff/.asdf/installs/ruby/3.0.1/lib/ruby/gems/3.0.0/gems/test-unit-3.4.9/lib/test/unit/fixture.rb:276:in `block in create_fixtures_runner'
	from /Users/ttscoff/.asdf/installs/ruby/3.0.1/lib/ruby/gems/3.0.0/gems/test-unit-3.4.9/lib/test/unit/fixture.rb:257:in `run_fixture'
	from /Users/ttscoff/.asdf/installs/ruby/3.0.1/lib/ruby/gems/3.0.0/gems/test-unit-3.4.9/lib/test/unit/fixture.rb:292:in `run_setup'
	from /Users/ttscoff/.asdf/installs/ruby/3.0.1/lib/ruby/gems/3.0.0/gems/test-unit-3.4.9/lib/test/unit/testcase.rb:559:in `block in run'
	from /Users/ttscoff/.asdf/installs/ruby/3.0.1/lib/ruby/gems/3.0.0/gems/test-unit-3.4.9/lib/test/unit/testcase.rb:558:in `catch'
	from /Users/ttscoff/.asdf/installs/ruby/3.0.1/lib/ruby/gems/3.0.0/gems/test-unit-3.4.9/lib/test/unit/testcase.rb:558:in `run'
	from /Users/ttscoff/.asdf/installs/ruby/3.0.1/lib/ruby/gems/3.0.0/gems/test-unit-3.4.9/lib/test/unit/testsuite.rb:124:in `run_test'
	from /Users/ttscoff/.asdf/installs/ruby/3.0.1/lib/ruby/gems/3.0.0/gems/test-unit-3.4.9/lib/test/unit/testsuite.rb:53:in `run'
	from /Users/ttscoff/.asdf/installs/ruby/3.0.1/lib/ruby/gems/3.0.0/gems/test-unit-3.4.9/lib/test/unit/testsuite.rb:124:in `run_test'
	from /Users/ttscoff/.asdf/installs/ruby/3.0.1/lib/ruby/gems/3.0.0/gems/test-unit-3.4.9/lib/test/unit/testsuite.rb:53:in `run'
	from /Users/ttscoff/.asdf/installs/ruby/3.0.1/lib/ruby/gems/3.0.0/gems/test-unit-3.4.9/lib/test/unit/ui/testrunnermediator.rb:67:in `run_suite'
	from /Users/ttscoff/.asdf/installs/ruby/3.0.1/lib/ruby/gems/3.0.0/gems/test-unit-3.4.9/lib/test/unit/ui/testrunnermediator.rb:45:in `block (2 levels) in run'
	from /Users/ttscoff/.asdf/installs/ruby/3.0.1/lib/ruby/gems/3.0.0/gems/test-unit-3.4.9/lib/test/unit/ui/testrunnermediator.rb:102:in `with_listener'
	from /Users/ttscoff/.asdf/installs/ruby/3.0.1/lib/ruby/gems/3.0.0/gems/test-unit-3.4.9/lib/test/unit/ui/testrunnermediator.rb:41:in `block in run'
	from /Users/ttscoff/.asdf/installs/ruby/3.0.1/lib/ruby/gems/3.0.0/gems/test-unit-3.4.9/lib/test/unit/ui/testrunnermediator.rb:39:in `catch'
	from /Users/ttscoff/.asdf/installs/ruby/3.0.1/lib/ruby/gems/3.0.0/gems/test-unit-3.4.9/lib/test/unit/ui/testrunnermediator.rb:39:in `run'
	from /Users/ttscoff/.asdf/installs/ruby/3.0.1/lib/ruby/gems/3.0.0/gems/test-unit-3.4.9/lib/test/unit/ui/testrunner.rb:40:in `start_mediator'
	from /Users/ttscoff/.asdf/installs/ruby/3.0.1/lib/ruby/gems/3.0.0/gems/test-unit-3.4.9/lib/test/unit/ui/testrunner.rb:25:in `start'
	from /Users/ttscoff/.asdf/installs/ruby/3.0.1/lib/ruby/gems/3.0.0/gems/test-unit-3.4.9/lib/test/unit/ui/testrunnerutilities.rb:24:in `run'
	from /Users/ttscoff/.asdf/installs/ruby/3.0.1/lib/ruby/gems/3.0.0/gems/test-unit-3.4.9/lib/test/unit/autorunner.rb:458:in `block in run'
	from /Users/ttscoff/.asdf/installs/ruby/3.0.1/lib/ruby/gems/3.0.0/gems/test-unit-3.4.9/lib/test/unit/autorunner.rb:514:in `change_work_directory'
	from /Users/ttscoff/.asdf/installs/ruby/3.0.1/lib/ruby/gems/3.0.0/gems/test-unit-3.4.9/lib/test/unit/autorunner.rb:457:in `run'
	from /Users/ttscoff/.asdf/installs/ruby/3.0.1/lib/ruby/gems/3.0.0/gems/test-unit-3.4.9/lib/test/unit/autorunner.rb:66:in `run'
	from /Users/ttscoff/.asdf/installs/ruby/3.0.1/lib/ruby/gems/3.0.0/gems/test-unit-3.4.9/lib/test/unit.rb:518:in `block (2 levels) in <top (required)>'
/Users/ttscoff/.asdf/installs/ruby/3.0.1/lib/ruby/3.0.0/open3.rb:306:in `value': Interrupt
	from /Users/ttscoff/.asdf/installs/ruby/3.0.1/lib/ruby/3.0.0/open3.rb:306:in `block in capture3'
	from /Users/ttscoff/.asdf/installs/ruby/3.0.1/lib/ruby/3.0.0/open3.rb:227:in `popen_run'
	from /Users/ttscoff/.asdf/installs/ruby/3.0.1/lib/ruby/3.0.0/open3.rb:102:in `popen3'
	from /Users/ttscoff/.asdf/installs/ruby/3.0.1/lib/ruby/3.0.0/open3.rb:289:in `capture3'
	from /Users/ttscoff/Desktop/Code/doing/test/helpers/doing-helpers.rb:21:in `pread'
	from /Users/ttscoff/Desktop/Code/doing/test/helpers/doing-helpers.rb:17:in `doing_with_env'
	from /Users/ttscoff/Desktop/Code/doing/test/doing_archive_test.rb:117:in `doing'
	from /Users/ttscoff/Desktop/Code/doing/test/doing_archive_test.rb:41:in `test_archive_tag'
	from /Users/ttscoff/.asdf/installs/ruby/3.0.1/lib/ruby/gems/3.0.0/gems/test-unit-3.4.9/lib/test/unit/testcase.rb:866:in `run_test'
	from /Users/ttscoff/.asdf/installs/ruby/3.0.1/lib/ruby/gems/3.0.0/gems/test-unit-3.4.9/lib/test/unit/testcase.rb:561:in `block (2 levels) in run'
	from /Users/ttscoff/.asdf/installs/ruby/3.0.1/lib/ruby/gems/3.0.0/gems/test-unit-3.4.9/lib/test/unit/fixture.rb:276:in `block in create_fixtures_runner'
	from /Users/ttscoff/.asdf/installs/ruby/3.0.1/lib/ruby/gems/3.0.0/gems/test-unit-3.4.9/lib/test/unit/fixture.rb:276:in `block in create_fixtures_runner'
	from /Users/ttscoff/.asdf/installs/ruby/3.0.1/lib/ruby/gems/3.0.0/gems/test-unit-3.4.9/lib/test/unit/fixture.rb:257:in `run_fixture'
	from /Users/ttscoff/.asdf/installs/ruby/3.0.1/lib/ruby/gems/3.0.0/gems/test-unit-3.4.9/lib/test/unit/fixture.rb:292:in `run_setup'
	from /Users/ttscoff/.asdf/installs/ruby/3.0.1/lib/ruby/gems/3.0.0/gems/test-unit-3.4.9/lib/test/unit/testcase.rb:559:in `block in run'
	from /Users/ttscoff/.asdf/installs/ruby/3.0.1/lib/ruby/gems/3.0.0/gems/test-unit-3.4.9/lib/test/unit/testcase.rb:558:in `catch'
	from /Users/ttscoff/.asdf/installs/ruby/3.0.1/lib/ruby/gems/3.0.0/gems/test-unit-3.4.9/lib/test/unit/testcase.rb:558:in `run'
	from /Users/ttscoff/.asdf/installs/ruby/3.0.1/lib/ruby/gems/3.0.0/gems/test-unit-3.4.9/lib/test/unit/testsuite.rb:124:in `run_test'
	from /Users/ttscoff/.asdf/installs/ruby/3.0.1/lib/ruby/gems/3.0.0/gems/test-unit-3.4.9/lib/test/unit/testsuite.rb:53:in `run'
	from /Users/ttscoff/.asdf/installs/ruby/3.0.1/lib/ruby/gems/3.0.0/gems/test-unit-3.4.9/lib/test/unit/testsuite.rb:124:in `run_test'
	from /Users/ttscoff/.asdf/installs/ruby/3.0.1/lib/ruby/gems/3.0.0/gems/test-unit-3.4.9/lib/test/unit/testsuite.rb:53:in `run'
	from /Users/ttscoff/.asdf/installs/ruby/3.0.1/lib/ruby/gems/3.0.0/gems/test-unit-3.4.9/lib/test/unit/ui/testrunnermediator.rb:67:in `run_suite'
	from /Users/ttscoff/.asdf/installs/ruby/3.0.1/lib/ruby/gems/3.0.0/gems/test-unit-3.4.9/lib/test/unit/ui/testrunnermediator.rb:45:in `block (2 levels) in run'
	from /Users/ttscoff/.asdf/installs/ruby/3.0.1/lib/ruby/gems/3.0.0/gems/test-unit-3.4.9/lib/test/unit/ui/testrunnermediator.rb:102:in `with_listener'
	from /Users/ttscoff/.asdf/installs/ruby/3.0.1/lib/ruby/gems/3.0.0/gems/test-unit-3.4.9/lib/test/unit/ui/testrunnermediator.rb:41:in `block in run'
	from /Users/ttscoff/.asdf/installs/ruby/3.0.1/lib/ruby/gems/3.0.0/gems/test-unit-3.4.9/lib/test/unit/ui/testrunnermediator.rb:39:in `catch'
	from /Users/ttscoff/.asdf/installs/ruby/3.0.1/lib/ruby/gems/3.0.0/gems/test-unit-3.4.9/lib/test/unit/ui/testrunnermediator.rb:39:in `run'
	from /Users/ttscoff/.asdf/installs/ruby/3.0.1/lib/ruby/gems/3.0.0/gems/test-unit-3.4.9/lib/test/unit/ui/testrunner.rb:40:in `start_mediator'
	from /Users/ttscoff/.asdf/installs/ruby/3.0.1/lib/ruby/gems/3.0.0/gems/test-unit-3.4.9/lib/test/unit/ui/testrunner.rb:25:in `start'
	from /Users/ttscoff/.asdf/installs/ruby/3.0.1/lib/ruby/gems/3.0.0/gems/test-unit-3.4.9/lib/test/unit/ui/testrunnerutilities.rb:24:in `run'
	from /Users/ttscoff/.asdf/installs/ruby/3.0.1/lib/ruby/gems/3.0.0/gems/test-unit-3.4.9/lib/test/unit/autorunner.rb:458:in `block in run'
	from /Users/ttscoff/.asdf/installs/ruby/3.0.1/lib/ruby/gems/3.0.0/gems/test-unit-3.4.9/lib/test/unit/autorunner.rb:514:in `change_work_directory'
	from /Users/ttscoff/.asdf/installs/ruby/3.0.1/lib/ruby/gems/3.0.0/gems/test-unit-3.4.9/lib/test/unit/autorunner.rb:457:in `run'
	from /Users/ttscoff/.asdf/installs/ruby/3.0.1/lib/ruby/gems/3.0.0/gems/test-unit-3.4.9/lib/test/unit/autorunner.rb:66:in `run'
	from /Users/ttscoff/.asdf/installs/ruby/3.0.1/lib/ruby/gems/3.0.0/gems/test-unit-3.4.9/lib/test/unit.rb:518:in `block (2 levels) in <top (required)>'
/Users/ttscoff/.asdf/installs/ruby/3.0.1/lib/ruby/3.0.0/open3.rb:295:in `read': IOError
	from /Users/ttscoff/.asdf/installs/ruby/3.0.1/lib/ruby/3.0.0/open3.rb:295:in `block (2 levels) in capture3'

Finished in 27.138822 seconds.
-------------------------------------------------------------------------------
4 tests, 11 assertions, 0 failures, 0 errors, 0 pendings, 0 omissions, 0 notifications
100% passed
-------------------------------------------------------------------------------
0.15 tests/s, 0.41 assertions/s/Users/ttscoff/.asdf/installs/ruby/3.0.1/lib/ruby/3.0.0/open3.rb:229:in `close': Interrupt
	from /Users/ttscoff/.asdf/installs/ruby/3.0.1/lib/ruby/3.0.0/open3.rb:229:in `each'
	from /Users/ttscoff/.asdf/installs/ruby/3.0.1/lib/ruby/3.0.0/open3.rb:229:in `ensure in popen_run'
	from /Users/ttscoff/.asdf/installs/ruby/3.0.1/lib/ruby/3.0.0/open3.rb:230:in `popen_run'
/Users/ttscoff/.asdf/installs/ruby/3.0.1/lib/ruby/3.0.0/open3.rb:229:in `close': Interrupt
	from /Users/ttscoff/.asdf/installs/ruby/3.0.1/lib/ruby/3.0.0/open3.rb:229:in `each'
	from /Users/ttscoff/.asdf/installs/ruby/3.0.1/lib/ruby/3.0.0/open3.rb:229:in `ensure in popen_run'
	from /Users/ttscoff/.asdf/installs/ruby/3.0.1/lib/ruby/3.0.0/open3.rb:230:in `popen_run'
	from /Users/ttscoff/.asdf/installs/ruby/3.0.1/lib/ruby/3.0.0/open3.rb:102:in `popen3'
	from /Users/ttscoff/.asdf/installs/ruby/3.0.1/lib/ruby/3.0.0/open3.rb:289:in `capture3'
	from /Users/ttscoff/Desktop/Code/doing/test/helpers/doing-helpers.rb:21:in `pread'
	from /Users/ttscoff/Desktop/Code/doing/test/helpers/doing-helpers.rb:17:in `doing_with_env'
	from /Users/ttscoff/Desktop/Code/doing/test/doing_undo_test.rb:79:in `doing'
	from /Users/ttscoff/Desktop/Code/doing/test/doing_undo_test.rb:37:in `test_undo'
	from /Users/ttscoff/.asdf/installs/ruby/3.0.1/lib/ruby/gems/3.0.0/gems/test-unit-3.4.9/lib/test/unit/testcase.rb:866:in `run_test'
	from /Users/ttscoff/.asdf/installs/ruby/3.0.1/lib/ruby/gems/3.0.0/gems/test-unit-3.4.9/lib/test/unit/testcase.rb:561:in `block (2 levels) in run'
	from /Users/ttscoff/.asdf/installs/ruby/3.0.1/lib/ruby/gems/3.0.0/gems/test-unit-3.4.9/lib/test/unit/fixture.rb:276:in `block in create_fixtures_runner'
	from /Users/ttscoff/.asdf/installs/ruby/3.0.1/lib/ruby/gems/3.0.0/gems/test-unit-3.4.9/lib/test/unit/fixture.rb:276:in `block in create_fixtures_runner'
	from /Users/ttscoff/.asdf/installs/ruby/3.0.1/lib/ruby/gems/3.0.0/gems/test-unit-3.4.9/lib/test/unit/fixture.rb:257:in `run_fixture'
	from /Users/ttscoff/.asdf/installs/ruby/3.0.1/lib/ruby/gems/3.0.0/gems/test-unit-3.4.9/lib/test/unit/fixture.rb:292:in `run_setup'
	from /Users/ttscoff/.asdf/installs/ruby/3.0.1/lib/ruby/gems/3.0.0/gems/test-unit-3.4.9/lib/test/unit/testcase.rb:559:in `block in run'
	from /Users/ttscoff/.asdf/installs/ruby/3.0.1/lib/ruby/gems/3.0.0/gems/test-unit-3.4.9/lib/test/unit/testcase.rb:558:in `catch'
	from /Users/ttscoff/.asdf/installs/ruby/3.0.1/lib/ruby/gems/3.0.0/gems/test-unit-3.4.9/lib/test/unit/testcase.rb:558:in `run'
	from /Users/ttscoff/.asdf/installs/ruby/3.0.1/lib/ruby/gems/3.0.0/gems/test-unit-3.4.9/lib/test/unit/testsuite.rb:124:in `run_test'
	from /Users/ttscoff/.asdf/installs/ruby/3.0.1/lib/ruby/gems/3.0.0/gems/test-unit-3.4.9/lib/test/unit/testsuite.rb:53:in `run'
	from /Users/ttscoff/.asdf/installs/ruby/3.0.1/lib/ruby/gems/3.0.0/gems/test-unit-3.4.9/lib/test/unit/testsuite.rb:124:in `run_test'
	from /Users/ttscoff/.asdf/installs/ruby/3.0.1/lib/ruby/gems/3.0.0/gems/test-unit-3.4.9/lib/test/unit/testsuite.rb:53:in `run'
	from /Users/ttscoff/.asdf/installs/ruby/3.0.1/lib/ruby/gems/3.0.0/gems/test-unit-3.4.9/lib/test/unit/ui/testrunnermediator.rb:67:in `run_suite'
	from /Users/ttscoff/.asdf/installs/ruby/3.0.1/lib/ruby/gems/3.0.0/gems/test-unit-3.4.9/lib/test/unit/ui/testrunnermediator.rb:45:in `block (2 levels) in run'
	from /Users/ttscoff/.asdf/installs/ruby/3.0.1/lib/ruby/gems/3.0.0/gems/test-unit-3.4.9/lib/test/unit/ui/testrunnermediator.rb:102:in `with_listener'
	from /Users/ttscoff/.asdf/installs/ruby/3.0.1/lib/ruby/gems/3.0.0/gems/test-unit-3.4.9/lib/test/unit/ui/testrunnermediator.rb:41:in `block in run'
	from /Users/ttscoff/.asdf/installs/ruby/3.0.1/lib/ruby/gems/3.0.0/gems/test-unit-3.4.9/lib/test/unit/ui/testrunnermediator.rb:39:in `catch'
	from /Users/ttscoff/.asdf/installs/ruby/3.0.1/lib/ruby/gems/3.0.0/gems/test-unit-3.4.9/lib/test/unit/ui/testrunnermediator.rb:39:in `run'
	from /Users/ttscoff/.asdf/installs/ruby/3.0.1/lib/ruby/gems/3.0.0/gems/test-unit-3.4.9/lib/test/unit/ui/testrunner.rb:40:in `start_mediator'
	from /Users/ttscoff/.asdf/installs/ruby/3.0.1/lib/ruby/gems/3.0.0/gems/test-unit-3.4.9/lib/test/unit/ui/testrunner.rb:25:in `start'
	from /Users/ttscoff/.asdf/installs/ruby/3.0.1/lib/ruby/gems/3.0.0/gems/test-unit-3.4.9/lib/test/unit/ui/testrunnerutilities.rb:24:in `run'
	from /Users/ttscoff/.asdf/installs/ruby/3.0.1/lib/ruby/gems/3.0.0/gems/test-unit-3.4.9/lib/test/unit/autorunner.rb:458:in `block in run'
	from /Users/ttscoff/.asdf/installs/ruby/3.0.1/lib/ruby/gems/3.0.0/gems/test-unit-3.4.9/lib/test/unit/autorunner.rb:514:in `change_work_directory'
	from /Users/ttscoff/.asdf/installs/ruby/3.0.1/lib/ruby/gems/3.0.0/gems/test-unit-3.4.9/lib/test/unit/autorunner.rb:457:in `run'
	from /Users/ttscoff/.asdf/installs/ruby/3.0.1/lib/ruby/gems/3.0.0/gems/test-unit-3.4.9/lib/test/unit/autorunner.rb:66:in `run'
	from /Users/ttscoff/.asdf/installs/ruby/3.0.1/lib/ruby/gems/3.0.0/gems/test-unit-3.4.9/lib/test/unit.rb:518:in `block (2 levels) in <top (required)>'
	from /Users/ttscoff/.asdf/installs/ruby/3.0.1/lib/ruby/3.0.0/open3.rb:102:in `popen3'
	from /Users/ttscoff/.asdf/installs/ruby/3.0.1/lib/ruby/3.0.0/open3.rb:289:in `capture3'
	from /Users/ttscoff/Desktop/Code/doing/test/helpers/doing-helpers.rb:21:in `pread'
	from /Users/ttscoff/Desktop/Code/doing/test/helpers/doing-helpers.rb:17:in `doing_with_env'
	from /Users/ttscoff/Desktop/Code/doing/test/doing_note_test.rb:99:in `doing'
	from /Users/ttscoff/Desktop/Code/doing/test/doing_note_test.rb:48:in `test_note_append_replace'
	from /Users/ttscoff/.asdf/installs/ruby/3.0.1/lib/ruby/gems/3.0.0/gems/test-unit-3.4.9/lib/test/unit/testcase.rb:866:in `run_test'
	from /Users/ttscoff/.asdf/installs/ruby/3.0.1/lib/ruby/gems/3.0.0/gems/test-unit-3.4.9/lib/test/unit/testcase.rb:561:in `block (2 levels) in run'
	from /Users/ttscoff/.asdf/installs/ruby/3.0.1/lib/ruby/gems/3.0.0/gems/test-unit-3.4.9/lib/test/unit/fixture.rb:276:in `block in create_fixtures_runner'
	from /Users/ttscoff/.asdf/installs/ruby/3.0.1/lib/ruby/gems/3.0.0/gems/test-unit-3.4.9/lib/test/unit/fixture.rb:276:in `block in create_fixtures_runner'
	from /Users/ttscoff/.asdf/installs/ruby/3.0.1/lib/ruby/gems/3.0.0/gems/test-unit-3.4.9/lib/test/unit/fixture.rb:257:in `run_fixture'
	from /Users/ttscoff/.asdf/installs/ruby/3.0.1/lib/ruby/gems/3.0.0/gems/test-unit-3.4.9/lib/test/unit/fixture.rb:292:in `run_setup'
	from /Users/ttscoff/.asdf/installs/ruby/3.0.1/lib/ruby/gems/3.0.0/gems/test-unit-3.4.9/lib/test/unit/testcase.rb:559:in `block in run'
	from /Users/ttscoff/.asdf/installs/ruby/3.0.1/lib/ruby/gems/3.0.0/gems/test-unit-3.4.9/lib/test/unit/testcase.rb:558:in `catch'
	from /Users/ttscoff/.asdf/installs/ruby/3.0.1/lib/ruby/gems/3.0.0/gems/test-unit-3.4.9/lib/test/unit/testcase.rb:558:in `run'
	from /Users/ttscoff/.asdf/installs/ruby/3.0.1/lib/ruby/gems/3.0.0/gems/test-unit-3.4.9/lib/test/unit/testsuite.rb:124:in `run_test'
	from /Users/ttscoff/.asdf/installs/ruby/3.0.1/lib/ruby/gems/3.0.0/gems/test-unit-3.4.9/lib/test/unit/testsuite.rb:53:in `run'
	from /Users/ttscoff/.asdf/installs/ruby/3.0.1/lib/ruby/gems/3.0.0/gems/test-unit-3.4.9/lib/test/unit/testsuite.rb:124:in `run_test'
	from /Users/ttscoff/.asdf/installs/ruby/3.0.1/lib/ruby/gems/3.0.0/gems/test-unit-3.4.9/lib/test/unit/testsuite.rb:53:in `run'
	from /Users/ttscoff/.asdf/installs/ruby/3.0.1/lib/ruby/gems/3.0.0/gems/test-unit-3.4.9/lib/test/unit/ui/testrunnermediator.rb:67:in `run_suite'
	from /Users/ttscoff/.asdf/installs/ruby/3.0.1/lib/ruby/gems/3.0.0/gems/test-unit-3.4.9/lib/test/unit/ui/testrunnermediator.rb:45:in `block (2 levels) in run'
	from /Users/ttscoff/.asdf/installs/ruby/3.0.1/lib/ruby/gems/3.0.0/gems/test-unit-3.4.9/lib/test/unit/ui/testrunnermediator.rb:102:in `with_listener'
	from /Users/ttscoff/.asdf/installs/ruby/3.0.1/lib/ruby/gems/3.0.0/gems/test-unit-3.4.9/lib/test/unit/ui/testrunnermediator.rb:41:in `block in run'
	from /Users/ttscoff/.asdf/installs/ruby/3.0.1/lib/ruby/gems/3.0.0/gems/test-unit-3.4.9/lib/test/unit/ui/testrunnermediator.rb:39:in `catch'
	from /Users/ttscoff/.asdf/installs/ruby/3.0.1/lib/ruby/gems/3.0.0/gems/test-unit-3.4.9/lib/test/unit/ui/testrunnermediator.rb:39:in `run'
	from /Users/ttscoff/.asdf/installs/ruby/3.0.1/lib/ruby/gems/3.0.0/gems/test-unit-3.4.9/lib/test/unit/ui/testrunner.rb:40:in `start_mediator'
	from /Users/ttscoff/.asdf/installs/ruby/3.0.1/lib/ruby/gems/3.0.0/gems/test-unit-3.4.9/lib/test/unit/ui/testrunner.rb:25:in `start'
	from /Users/ttscoff/.asdf/installs/ruby/3.0.1/lib/ruby/gems/3.0.0/gems/test-unit-3.4.9/lib/test/unit/ui/testrunnerutilities.rb:24:in `run'
	from /Users/ttscoff/.asdf/installs/ruby/3.0.1/lib/ruby/gems/3.0.0/gems/test-unit-3.4.9/lib/test/unit/autorunner.rb:458:in `block in run'
	from /Users/ttscoff/.asdf/installs/ruby/3.0.1/lib/ruby/gems/3.0.0/gems/test-unit-3.4.9/lib/test/unit/autorunner.rb:514:in `change_work_directory'
	from /Users/ttscoff/.asdf/installs/ruby/3.0.1/lib/ruby/gems/3.0.0/gems/test-unit-3.4.9/lib/test/unit/autorunner.rb:457:in `run'
	from /Users/ttscoff/.asdf/installs/ruby/3.0.1/lib/ruby/gems/3.0.0/gems/test-unit-3.4.9/lib/test/unit/autorunner.rb:66:in `run'
	from /Users/ttscoff/.asdf/installs/ruby/3.0.1/lib/ruby/gems/3.0.0/gems/test-unit-3.4.9/lib/test/unit.rb:518:in `block (2 levels) in <top (required)>'


Finished in 28.529092 seconds.
-------------------------------------------------------------------------------
6 tests, 9 assertions, 0 failures, 0 errors, 0 pendings, 0 omissions, 0 notifications
100% passed
-------------------------------------------------------------------------------
0.21 tests/s, 0.32 assertions/s/Users/ttscoff/.asdf/installs/ruby/3.0.1/lib/ruby/3.0.0/open3.rb:306:in `value': Interrupt
	from /Users/ttscoff/.asdf/installs/ruby/3.0.1/lib/ruby/3.0.0/open3.rb:306:in `block in capture3'
	from /Users/ttscoff/.asdf/installs/ruby/3.0.1/lib/ruby/3.0.0/open3.rb:227:in `popen_run'
	from /Users/ttscoff/.asdf/installs/ruby/3.0.1/lib/ruby/3.0.0/open3.rb:102:in `popen3'
	from /Users/ttscoff/.asdf/installs/ruby/3.0.1/lib/ruby/3.0.0/open3.rb:289:in `capture3'
	from /Users/ttscoff/Desktop/Code/doing/test/helpers/doing-helpers.rb:21:in `pread'
	from /Users/ttscoff/Desktop/Code/doing/test/helpers/doing-helpers.rb:17:in `doing_with_env'
	from /Users/ttscoff/Desktop/Code/doing/test/doing_undo_test.rb:79:in `doing'
	from /Users/ttscoff/Desktop/Code/doing/test/doing_undo_test.rb:37:in `test_undo'

	from /Users/ttscoff/.asdf/installs/ruby/3.0.1/lib/ruby/gems/3.0.0/gems/test-unit-3.4.9/lib/test/unit/testcase.rb:866:in `run_test'
	from /Users/ttscoff/.asdf/installs/ruby/3.0.1/lib/ruby/gems/3.0.0/gems/test-unit-3.4.9/lib/test/unit/testcase.rb:561:in `block (2 levels) in run'
	from /Users/ttscoff/.asdf/installs/ruby/3.0.1/lib/ruby/gems/3.0.0/gems/test-unit-3.4.9/lib/test/unit/fixture.rb:276:in `block in create_fixtures_runner'
	from /Users/ttscoff/.asdf/installs/ruby/3.0.1/lib/ruby/gems/3.0.0/gems/test-unit-3.4.9/lib/test/unit/fixture.rb:276:in `block in create_fixtures_runner'
	from /Users/ttscoff/.asdf/installs/ruby/3.0.1/lib/ruby/gems/3.0.0/gems/test-unit-3.4.9/lib/test/unit/fixture.rb:257:in `run_fixture'
	from /Users/ttscoff/.asdf/installs/ruby/3.0.1/lib/ruby/gems/3.0.0/gems/test-unit-3.4.9/lib/test/unit/fixture.rb:292:in `run_setup'
	from /Users/ttscoff/.asdf/installs/ruby/3.0.1/lib/ruby/gems/3.0.0/gems/test-unit-3.4.9/lib/test/unit/testcase.rb:559:in `block in run'
	from /Users/ttscoff/.asdf/installs/ruby/3.0.1/lib/ruby/gems/3.0.0/gems/test-unit-3.4.9/lib/test/unit/testcase.rb:558:in `catch'
	from /Users/ttscoff/.asdf/installs/ruby/3.0.1/lib/ruby/gems/3.0.0/gems/test-unit-3.4.9/lib/test/unit/testcase.rb:558:in `run'
	from /Users/ttscoff/.asdf/installs/ruby/3.0.1/lib/ruby/gems/3.0.0/gems/test-unit-3.4.9/lib/test/unit/testsuite.rb:124:in `run_test'
	from /Users/ttscoff/.asdf/installs/ruby/3.0.1/lib/ruby/gems/3.0.0/gems/test-unit-3.4.9/lib/test/unit/testsuite.rb:53:in `run'
	from /Users/ttscoff/.asdf/installs/ruby/3.0.1/lib/ruby/gems/3.0.0/gems/test-unit-3.4.9/lib/test/unit/testsuite.rb:124:in `run_test'
	from /Users/ttscoff/.asdf/installs/ruby/3.0.1/lib/ruby/gems/3.0.0/gems/test-unit-3.4.9/lib/test/unit/testsuite.rb:53:in `run'
	from /Users/ttscoff/.asdf/installs/ruby/3.0.1/lib/ruby/gems/3.0.0/gems/test-unit-3.4.9/lib/test/unit/ui/testrunnermediator.rb:67:in `run_suite'
	from /Users/ttscoff/.asdf/installs/ruby/3.0.1/lib/ruby/gems/3.0.0/gems/test-unit-3.4.9/lib/test/unit/ui/testrunnermediator.rb:45:in `block (2 levels) in run'
	from /Users/ttscoff/.asdf/installs/ruby/3.0.1/lib/ruby/gems/3.0.0/gems/test-unit-3.4.9/lib/test/unit/ui/testrunnermediator.rb:102:in `with_listener'
	from /Users/ttscoff/.asdf/installs/ruby/3.0.1/lib/ruby/gems/3.0.0/gems/test-unit-3.4.9/lib/test/unit/ui/testrunnermediator.rb:41:in `block in run'
	from /Users/ttscoff/.asdf/installs/ruby/3.0.1/lib/ruby/gems/3.0.0/gems/test-unit-3.4.9/lib/test/unit/ui/testrunnermediator.rb:39:in `catch'
	from /Users/ttscoff/.asdf/installs/ruby/3.0.1/lib/ruby/gems/3.0.0/gems/test-unit-3.4.9/lib/test/unit/ui/testrunnermediator.rb:39:in `run'
	from /Users/ttscoff/.asdf/installs/ruby/3.0.1/lib/ruby/gems/3.0.0/gems/test-unit-3.4.9/lib/test/unit/ui/testrunner.rb:40:in `start_mediator'
	from /Users/ttscoff/.asdf/installs/ruby/3.0.1/lib/ruby/gems/3.0.0/gems/test-unit-3.4.9/lib/test/unit/ui/testrunner.rb:25:in `start'
	from /Users/ttscoff/.asdf/installs/ruby/3.0.1/lib/ruby/gems/3.0.0/gems/test-unit-3.4.9/lib/test/unit/ui/testrunnerutilities.rb:24:in `run'
	from /Users/ttscoff/.asdf/installs/ruby/3.0.1/lib/ruby/gems/3.0.0/gems/test-unit-3.4.9/lib/test/unit/autorunner.rb:458:in `block in run'
	from /Users/ttscoff/.asdf/installs/ruby/3.0.1/lib/ruby/gems/3.0.0/gems/test-unit-3.4.9/lib/test/unit/autorunner.rb:514:in `change_work_directory'
	from /Users/ttscoff/.asdf/installs/ruby/3.0.1/lib/ruby/gems/3.0.0/gems/test-unit-3.4.9/lib/test/unit/autorunner.rb:457:in `run'
	from /Users/ttscoff/.asdf/installs/ruby/3.0.1/lib/ruby/gems/3.0.0/gems/test-unit-3.4.9/lib/test/unit/autorunner.rb:66:in `run'
	from /Users/ttscoff/.asdf/installs/ruby/3.0.1/lib/ruby/gems/3.0.0/gems/test-unit-3.4.9/lib/test/unit.rb:518:in `block (2 levels) in <top (required)>'

/Users/ttscoff/.asdf/installs/ruby/3.0.1/lib/ruby/3.0.0/open3.rb:306:in `value': Interrupt
	from /Users/ttscoff/.asdf/installs/ruby/3.0.1/lib/ruby/3.0.0/open3.rb:306:in `block in capture3'
	from /Users/ttscoff/.asdf/installs/ruby/3.0.1/lib/ruby/3.0.0/open3.rb:227:in `popen_run'
	from /Users/ttscoff/.asdf/installs/ruby/3.0.1/lib/ruby/3.0.0/open3.rb:102:in `popen3'
	from /Users/ttscoff/.asdf/installs/ruby/3.0.1/lib/ruby/3.0.0/open3.rb:289:in `capture3'
	from /Users/ttscoff/Desktop/Code/doing/test/helpers/doing-helpers.rb:21:in `pread'
	from /Users/ttscoff/Desktop/Code/doing/test/helpers/doing-helpers.rb:17:in `doing_with_env'
	from /Users/ttscoff/Desktop/Code/doing/test/doing_note_test.rb:99:in `doing'
	from /Users/ttscoff/Desktop/Code/doing/test/doing_note_test.rb:48:in `test_note_append_replace'
	from /Users/ttscoff/.asdf/installs/ruby/3.0.1/lib/ruby/gems/3.0.0/gems/test-unit-3.4.9/lib/test/unit/testcase.rb:866:in `run_test'
	from /Users/ttscoff/.asdf/installs/ruby/3.0.1/lib/ruby/gems/3.0.0/gems/test-unit-3.4.9/lib/test/unit/testcase.rb:561:in `block (2 levels) in run'
	from /Users/ttscoff/.asdf/installs/ruby/3.0.1/lib/ruby/gems/3.0.0/gems/test-unit-3.4.9/lib/test/unit/fixture.rb:276:in `block in create_fixtures_runner'
	from /Users/ttscoff/.asdf/installs/ruby/3.0.1/lib/ruby/gems/3.0.0/gems/test-unit-3.4.9/lib/test/unit/fixture.rb:276:in `block in create_fixtures_runner'
	from /Users/ttscoff/.asdf/installs/ruby/3.0.1/lib/ruby/gems/3.0.0/gems/test-unit-3.4.9/lib/test/unit/fixture.rb:257:in `run_fixture'
	from /Users/ttscoff/.asdf/installs/ruby/3.0.1/lib/ruby/gems/3.0.0/gems/test-unit-3.4.9/lib/test/unit/fixture.rb:292:in `run_setup'
	from /Users/ttscoff/.asdf/installs/ruby/3.0.1/lib/ruby/gems/3.0.0/gems/test-unit-3.4.9/lib/test/unit/testcase.rb:559:in `block in run'
	from /Users/ttscoff/.asdf/installs/ruby/3.0.1/lib/ruby/gems/3.0.0/gems/test-unit-3.4.9/lib/test/unit/testcase.rb:558:in `catch'
	from /Users/ttscoff/.asdf/installs/ruby/3.0.1/lib/ruby/gems/3.0.0/gems/test-unit-3.4.9/lib/test/unit/testcase.rb:558:in `run'
	from /Users/ttscoff/.asdf/installs/ruby/3.0.1/lib/ruby/gems/3.0.0/gems/test-unit-3.4.9/lib/test/unit/testsuite.rb:124:in `run_test'
	from /Users/ttscoff/.asdf/installs/ruby/3.0.1/lib/ruby/gems/3.0.0/gems/test-unit-3.4.9/lib/test/unit/testsuite.rb:53:in `run'
	from /Users/ttscoff/.asdf/installs/ruby/3.0.1/lib/ruby/gems/3.0.0/gems/test-unit-3.4.9/lib/test/unit/testsuite.rb:124:in `run_test'
	from /Users/ttscoff/.asdf/installs/ruby/3.0.1/lib/ruby/gems/3.0.0/gems/test-unit-3.4.9/lib/test/unit/testsuite.rb:53:in `run'
	from /Users/ttscoff/.asdf/installs/ruby/3.0.1/lib/ruby/gems/3.0.0/gems/test-unit-3.4.9/lib/test/unit/ui/testrunnermediator.rb:67:in `run_suite'
	from /Users/ttscoff/.asdf/installs/ruby/3.0.1/lib/ruby/gems/3.0.0/gems/test-unit-3.4.9/lib/test/unit/ui/testrunnermediator.rb:45:in `block (2 levels) in run'
	from /Users/ttscoff/.asdf/installs/ruby/3.0.1/lib/ruby/gems/3.0.0/gems/test-unit-3.4.9/lib/test/unit/ui/testrunnermediator.rb:102:in `with_listener'
	from /Users/ttscoff/.asdf/installs/ruby/3.0.1/lib/ruby/gems/3.0.0/gems/test-unit-3.4.9/lib/test/unit/ui/testrunnermediator.rb:41:in `block in run'
	from /Users/ttscoff/.asdf/installs/ruby/3.0.1/lib/ruby/gems/3.0.0/gems/test-unit-3.4.9/lib/test/unit/ui/testrunnermediator.rb:39:in `catch'
	from /Users/ttscoff/.asdf/installs/ruby/3.0.1/lib/ruby/gems/3.0.0/gems/test-unit-3.4.9/lib/test/unit/ui/testrunnermediator.rb:39:in `run'
	from /Users/ttscoff/.asdf/installs/ruby/3.0.1/lib/ruby/gems/3.0.0/gems/test-unit-3.4.9/lib/test/unit/ui/testrunner.rb:40:in `start_mediator'
	from /Users/ttscoff/.asdf/installs/ruby/3.0.1/lib/ruby/gems/3.0.0/gems/test-unit-3.4.9/lib/test/unit/ui/testrunner.rb:25:in `start'
	from /Users/ttscoff/.asdf/installs/ruby/3.0.1/lib/ruby/gems/3.0.0/gems/test-unit-3.4.9/lib/test/unit/ui/testrunnerutilities.rb:24:in `run'
	from /Users/ttscoff/.asdf/installs/ruby/3.0.1/lib/ruby/gems/3.0.0/gems/test-unit-3.4.9/lib/test/unit/autorunner.rb:458:in `block in run'
	from /Users/ttscoff/.asdf/installs/ruby/3.0.1/lib/ruby/gems/3.0.0/gems/test-unit-3.4.9/lib/test/unit/autorunner.rb:514:in `change_work_directory'
	from /Users/ttscoff/.asdf/installs/ruby/3.0.1/lib/ruby/gems/3.0.0/gems/test-unit-3.4.9/lib/test/unit/autorunner.rb:457:in `run'
	from /Users/ttscoff/.asdf/installs/ruby/3.0.1/lib/ruby/gems/3.0.0/gems/test-unit-3.4.9/lib/test/unit/autorunner.rb:66:in `run'
	from /Users/ttscoff/.asdf/installs/ruby/3.0.1/lib/ruby/gems/3.0.0/gems/test-unit-3.4.9/lib/test/unit.rb:518:in `block (2 levels) in <top (required)>'
#<Thread:0x000000011e856118 /Users/ttscoff/.asdf/installs/ruby/3.0.1/lib/ruby/3.0.0/open3.rb:295 run> terminated with exception (report_on_exception is true):
/Users/ttscoff/.asdf/installs/ruby/3.0.1/lib/ruby/3.0.0/open3.rb:295:in `read': stream closed in another thread (IOError)
	from /Users/ttscoff/.asdf/installs/ruby/3.0.1/lib/ruby/3.0.0/open3.rb:295:in `block (2 levels) in capture3'






90 assertions, 0 errors, 0 failures, 0 notifications, 0 omissions, 0 pendings, 44 tests

Took 28 seconds
